{"/Users/triasbratayudhana/dev/lazysheet/website/landing/src/router.tsx": {"path":"/Users/triasbratayudhana/dev/lazysheet/website/landing/src/router.tsx","statementMap":{"0":{"start":{"line":5,"column":8},"end":{"line":10,"column":null}},"1":{"start":{"line":12,"column":2},"end":{"line":12,"column":null}}},"fnMap":{"0":{"name":"getRouter","decl":{"start":{"line":4,"column":16},"end":{"line":4,"column":28}},"loc":{"start":{"line":4,"column":28},"end":{"line":13,"column":null}},"line":4}},"branchMap":{},"s":{"0":0,"1":0},"f":{"0":0},"b":{},"meta":{"lastBranch":0,"lastFunction":1,"lastStatement":2,"seen":{"f:4:16:4:28":0,"s:5:8:10:Infinity":0,"s:12:2:12:Infinity":1}}}
,"/Users/triasbratayudhana/dev/lazysheet/website/landing/src/components/site/footer.tsx": {"path":"/Users/triasbratayudhana/dev/lazysheet/website/landing/src/components/site/footer.tsx","statementMap":{"0":{"start":{"line":5,"column":10},"end":{"line":5,"column":null}},"1":{"start":{"line":7,"column":2},"end":{"line":32,"column":null}}},"fnMap":{"0":{"name":"Footer","decl":{"start":{"line":4,"column":16},"end":{"line":4,"column":25}},"loc":{"start":{"line":4,"column":25},"end":{"line":34,"column":null}},"line":4}},"branchMap":{},"s":{"0":9,"1":9},"f":{"0":9},"b":{},"meta":{"lastBranch":0,"lastFunction":1,"lastStatement":2,"seen":{"f:4:16:4:25":0,"s:5:10:5:Infinity":0,"s:7:2:32:Infinity":1}}}
,"/Users/triasbratayudhana/dev/lazysheet/website/landing/src/components/site/icons.tsx": {"path":"/Users/triasbratayudhana/dev/lazysheet/website/landing/src/components/site/icons.tsx","statementMap":{"0":{"start":{"line":34,"column":2},"end":{"line":36,"column":null}},"1":{"start":{"line":35,"column":4},"end":{"line":35,"column":null}},"2":{"start":{"line":40,"column":25},"end":{"line":40,"column":null}},"3":{"start":{"line":41,"column":27},"end":{"line":41,"column":null}},"4":{"start":{"line":42,"column":25},"end":{"line":42,"column":null}},"5":{"start":{"line":43,"column":26},"end":{"line":43,"column":null}},"6":{"start":{"line":46,"column":28},"end":{"line":46,"column":null}},"7":{"start":{"line":47,"column":24},"end":{"line":47,"column":null}},"8":{"start":{"line":48,"column":24},"end":{"line":48,"column":null}},"9":{"start":{"line":49,"column":25},"end":{"line":49,"column":null}},"10":{"start":{"line":50,"column":26},"end":{"line":50,"column":null}},"11":{"start":{"line":51,"column":27},"end":{"line":51,"column":null}},"12":{"start":{"line":52,"column":24},"end":{"line":52,"column":null}},"13":{"start":{"line":53,"column":28},"end":{"line":53,"column":null}},"14":{"start":{"line":54,"column":26},"end":{"line":54,"column":null}},"15":{"start":{"line":55,"column":26},"end":{"line":55,"column":null}},"16":{"start":{"line":56,"column":23},"end":{"line":56,"column":null}},"17":{"start":{"line":57,"column":26},"end":{"line":57,"column":null}},"18":{"start":{"line":58,"column":28},"end":{"line":58,"column":null}},"19":{"start":{"line":59,"column":25},"end":{"line":59,"column":null}},"20":{"start":{"line":62,"column":25},"end":{"line":62,"column":null}},"21":{"start":{"line":63,"column":23},"end":{"line":63,"column":null}},"22":{"start":{"line":64,"column":23},"end":{"line":64,"column":null}}},"fnMap":{"0":{"name":"make","decl":{"start":{"line":33,"column":9},"end":{"line":33,"column":14}},"loc":{"start":{"line":33,"column":36},"end":{"line":37,"column":null}},"line":33},"1":{"name":"Mark","decl":{"start":{"line":34,"column":18},"end":{"line":34,"column":23}},"loc":{"start":{"line":34,"column":56},"end":{"line":36,"column":null}},"line":34}},"branchMap":{},"s":{"0":126,"1":54,"2":6,"3":6,"4":6,"5":6,"6":6,"7":6,"8":6,"9":6,"10":6,"11":6,"12":6,"13":6,"14":6,"15":6,"16":6,"17":6,"18":6,"19":6,"20":6,"21":6,"22":6},"f":{"0":126,"1":54},"b":{},"meta":{"lastBranch":0,"lastFunction":2,"lastStatement":23,"seen":{"f:33:9:33:14":0,"s:34:2:36:Infinity":0,"f:34:18:34:23":1,"s:35:4:35:Infinity":1,"s:40:25:40:Infinity":2,"s:41:27:41:Infinity":3,"s:42:25:42:Infinity":4,"s:43:26:43:Infinity":5,"s:46:28:46:Infinity":6,"s:47:24:47:Infinity":7,"s:48:24:48:Infinity":8,"s:49:25:49:Infinity":9,"s:50:26:50:Infinity":10,"s:51:27:51:Infinity":11,"s:52:24:52:Infinity":12,"s:53:28:53:Infinity":13,"s:54:26:54:Infinity":14,"s:55:26:55:Infinity":15,"s:56:23:56:Infinity":16,"s:57:26:57:Infinity":17,"s:58:28:58:Infinity":18,"s:59:25:59:Infinity":19,"s:62:25:62:Infinity":20,"s:63:23:63:Infinity":21,"s:64:23:64:Infinity":22}}}
,"/Users/triasbratayudhana/dev/lazysheet/website/landing/src/components/site/nav.tsx": {"path":"/Users/triasbratayudhana/dev/lazysheet/website/landing/src/components/site/nav.tsx","statementMap":{"0":{"start":{"line":15,"column":19},"end":{"line":15,"column":null}},"1":{"start":{"line":16,"column":10},"end":{"line":16,"column":null}},"2":{"start":{"line":17,"column":2},"end":{"line":17,"column":null}},"3":{"start":{"line":17,"column":48},"end":{"line":17,"column":66}},"4":{"start":{"line":18,"column":16},"end":{"line":18,"column":null}},"5":{"start":{"line":20,"column":10},"end":{"line":20,"column":null}},"6":{"start":{"line":21,"column":8},"end":{"line":21,"column":null}},"7":{"start":{"line":22,"column":8},"end":{"line":22,"column":null}},"8":{"start":{"line":24,"column":2},"end":{"line":84,"column":null}}},"fnMap":{"0":{"name":"Nav","decl":{"start":{"line":14,"column":16},"end":{"line":14,"column":20}},"loc":{"start":{"line":14,"column":52},"end":{"line":86,"column":null}},"line":14},"1":{"name":"(anonymous_1)","decl":{"start":{"line":17,"column":31},"end":{"line":17,"column":42}},"loc":{"start":{"line":17,"column":48},"end":{"line":17,"column":66}},"line":17}},"branchMap":{"0":{"loc":{"start":{"line":14,"column":22},"end":{"line":14,"column":52}},"type":"default-arg","locations":[{"start":{"line":14,"column":33},"end":{"line":14,"column":52}}],"line":14},"1":{"loc":{"start":{"line":18,"column":16},"end":{"line":18,"column":null}},"type":"binary-expr","locations":[{"start":{"line":18,"column":16},"end":{"line":18,"column":28}},{"start":{"line":18,"column":28},"end":{"line":18,"column":null}}],"line":18},"2":{"loc":{"start":{"line":22,"column":8},"end":{"line":22,"column":null}},"type":"cond-expr","locations":[{"start":{"line":22,"column":58},"end":{"line":22,"column":85}},{"start":{"line":22,"column":85},"end":{"line":22,"column":null}}],"line":22},"3":{"loc":{"start":{"line":22,"column":34},"end":{"line":22,"column":53}},"type":"binary-expr","locations":[{"start":{"line":22,"column":34},"end":{"line":22,"column":51}},{"start":{"line":22,"column":51},"end":{"line":22,"column":53}}],"line":22},"4":{"loc":{"start":{"line":25,"column":87},"end":{"line":25,"column":237}},"type":"cond-expr","locations":[{"start":{"line":25,"column":95},"end":{"line":25,"column":190}},{"start":{"line":25,"column":190},"end":{"line":25,"column":237}}],"line":25},"5":{"loc":{"start":{"line":26,"column":134},"end":{"line":26,"column":160}},"type":"cond-expr","locations":[{"start":{"line":26,"column":145},"end":{"line":26,"column":154}},{"start":{"line":26,"column":154},"end":{"line":26,"column":160}}],"line":26},"6":{"loc":{"start":{"line":31,"column":72},"end":{"line":31,"column":106}},"type":"cond-expr","locations":[{"start":{"line":31,"column":83},"end":{"line":31,"column":95}},{"start":{"line":31,"column":95},"end":{"line":31,"column":106}}],"line":31},"7":{"loc":{"start":{"line":33,"column":100},"end":{"line":33,"column":132}},"type":"cond-expr","locations":[{"start":{"line":33,"column":111},"end":{"line":33,"column":123}},{"start":{"line":33,"column":123},"end":{"line":33,"column":132}}],"line":33}},"s":{"0":10,"1":10,"2":10,"3":0,"4":10,"5":10,"6":10,"7":10,"8":10},"f":{"0":10,"1":0},"b":{"0":[10],"1":[10,10],"2":[10,0],"3":[10,0],"4":[10,0],"5":[0,10],"6":[0,10],"7":[0,10]},"meta":{"lastBranch":8,"lastFunction":2,"lastStatement":9,"seen":{"f:14:16:14:20":0,"b:14:33:14:52":0,"s:15:19:15:Infinity":0,"s:16:10:16:Infinity":1,"s:17:2:17:Infinity":2,"f:17:31:17:42":1,"s:17:48:17:66":3,"s:18:16:18:Infinity":4,"b:18:16:18:28:18:28:18:Infinity":1,"s:20:10:20:Infinity":5,"s:21:8:21:Infinity":6,"s:22:8:22:Infinity":7,"b:22:58:22:85:22:85:22:Infinity":2,"b:22:34:22:51:22:51:22:53":3,"s:24:2:84:Infinity":8,"b:25:95:25:190:25:190:25:237":4,"b:26:145:26:154:26:154:26:160":5,"b:31:83:31:95:31:95:31:106":6,"b:33:111:33:123:33:123:33:132":7}}}
,"/Users/triasbratayudhana/dev/lazysheet/website/landing/src/features/download/download-button.tsx": {"path":"/Users/triasbratayudhana/dev/lazysheet/website/landing/src/features/download/download-button.tsx","statementMap":{"0":{"start":{"line":8,"column":10},"end":{"line":8,"column":null}},"1":{"start":{"line":9,"column":14},"end":{"line":9,"column":null}},"2":{"start":{"line":10,"column":16},"end":{"line":10,"column":null}},"3":{"start":{"line":11,"column":15},"end":{"line":11,"column":null}},"4":{"start":{"line":12,"column":15},"end":{"line":12,"column":null}},"5":{"start":{"line":13,"column":16},"end":{"line":13,"column":null}},"6":{"start":{"line":14,"column":2},"end":{"line":23,"column":null}}},"fnMap":{"0":{"name":"DownloadButton","decl":{"start":{"line":7,"column":16},"end":{"line":7,"column":31}},"loc":{"start":{"line":7,"column":65},"end":{"line":25,"column":null}},"line":7}},"branchMap":{"0":{"loc":{"start":{"line":10,"column":16},"end":{"line":10,"column":null}},"type":"cond-expr","locations":[{"start":{"line":10,"column":21},"end":{"line":10,"column":81}},{"start":{"line":10,"column":81},"end":{"line":10,"column":null}}],"line":10},"1":{"loc":{"start":{"line":11,"column":15},"end":{"line":11,"column":null}},"type":"binary-expr","locations":[{"start":{"line":11,"column":15},"end":{"line":11,"column":29}},{"start":{"line":11,"column":29},"end":{"line":11,"column":54}},{"start":{"line":11,"column":54},"end":{"line":11,"column":null}}],"line":11},"2":{"loc":{"start":{"line":12,"column":15},"end":{"line":12,"column":null}},"type":"cond-expr","locations":[{"start":{"line":12,"column":34},"end":{"line":12,"column":48}},{"start":{"line":12,"column":48},"end":{"line":12,"column":null}}],"line":12},"3":{"loc":{"start":{"line":12,"column":48},"end":{"line":12,"column":null}},"type":"cond-expr","locations":[{"start":{"line":12,"column":65},"end":{"line":12,"column":77}},{"start":{"line":12,"column":77},"end":{"line":12,"column":null}}],"line":12},"4":{"loc":{"start":{"line":13,"column":16},"end":{"line":13,"column":null}},"type":"cond-expr","locations":[{"start":{"line":13,"column":35},"end":{"line":13,"column":65}},{"start":{"line":13,"column":65},"end":{"line":13,"column":null}}],"line":13}},"s":{"0":9,"1":9,"2":9,"3":9,"4":9,"5":9,"6":9},"f":{"0":9},"b":{"0":[2,7],"1":[9,7,7],"2":[2,7],"3":[1,6],"4":[1,8]},"meta":{"lastBranch":5,"lastFunction":1,"lastStatement":7,"seen":{"f:7:16:7:31":0,"s:8:10:8:Infinity":0,"s:9:14:9:Infinity":1,"s:10:16:10:Infinity":2,"b:10:21:10:81:10:81:10:Infinity":0,"s:11:15:11:Infinity":3,"b:11:15:11:29:11:29:11:54:11:54:11:Infinity":1,"s:12:15:12:Infinity":4,"b:12:34:12:48:12:48:12:Infinity":2,"b:12:65:12:77:12:77:12:Infinity":3,"s:13:16:13:Infinity":5,"b:13:35:13:65:13:65:13:Infinity":4,"s:14:2:23:Infinity":6}}}
,"/Users/triasbratayudhana/dev/lazysheet/website/landing/src/features/download/use-os-arch.ts": {"path":"/Users/triasbratayudhana/dev/lazysheet/website/landing/src/features/download/use-os-arch.ts","statementMap":{"0":{"start":{"line":5,"column":16},"end":{"line":5,"column":null}},"1":{"start":{"line":6,"column":2},"end":{"line":19,"column":null}},"2":{"start":{"line":7,"column":20},"end":{"line":7,"column":null}},"3":{"start":{"line":8,"column":4},"end":{"line":17,"column":null}},"4":{"start":{"line":9,"column":6},"end":{"line":9,"column":null}},"5":{"start":{"line":9,"column":21},"end":{"line":9,"column":null}},"6":{"start":{"line":11,"column":6},"end":{"line":16,"column":null}},"7":{"start":{"line":12,"column":19},"end":{"line":12,"column":null}},"8":{"start":{"line":13,"column":21},"end":{"line":13,"column":null}},"9":{"start":{"line":14,"column":8},"end":{"line":14,"column":null}},"10":{"start":{"line":14,"column":50},"end":{"line":14,"column":null}},"11":{"start":{"line":15,"column":8},"end":{"line":15,"column":null}},"12":{"start":{"line":18,"column":4},"end":{"line":18,"column":null}},"13":{"start":{"line":18,"column":19},"end":{"line":18,"column":36}},"14":{"start":{"line":20,"column":2},"end":{"line":20,"column":null}}},"fnMap":{"0":{"name":"useClientOSArch","decl":{"start":{"line":4,"column":16},"end":{"line":4,"column":32}},"loc":{"start":{"line":4,"column":103},"end":{"line":21,"column":null}},"line":4},"1":{"name":"(anonymous_1)","decl":{"start":{"line":6,"column":2},"end":{"line":6,"column":18}},"loc":{"start":{"line":6,"column":18},"end":{"line":19,"column":5}},"line":6},"2":{"name":"(anonymous_2)","decl":{"start":{"line":8,"column":25},"end":{"line":8,"column":31}},"loc":{"start":{"line":8,"column":44},"end":{"line":17,"column":5}},"line":8},"3":{"name":"(anonymous_3)","decl":{"start":{"line":11,"column":6},"end":{"line":11,"column":16}},"loc":{"start":{"line":11,"column":25},"end":{"line":16,"column":7}},"line":11},"4":{"name":"(anonymous_4)","decl":{"start":{"line":17,"column":7},"end":{"line":17,"column":19}},"loc":{"start":{"line":17,"column":19},"end":{"line":17,"column":21}},"line":17},"5":{"name":"(anonymous_5)","decl":{"start":{"line":18,"column":4},"end":{"line":18,"column":17}},"loc":{"start":{"line":18,"column":17},"end":{"line":18,"column":null}},"line":18}},"branchMap":{"0":{"loc":{"start":{"line":9,"column":6},"end":{"line":9,"column":null}},"type":"if","locations":[{"start":{"line":9,"column":6},"end":{"line":9,"column":null}},{"start":{},"end":{}}],"line":9},"1":{"loc":{"start":{"line":12,"column":19},"end":{"line":12,"column":null}},"type":"cond-expr","locations":[{"start":{"line":12,"column":47},"end":{"line":12,"column":61}},{"start":{"line":12,"column":61},"end":{"line":12,"column":null}}],"line":12},"2":{"loc":{"start":{"line":13,"column":21},"end":{"line":13,"column":null}},"type":"binary-expr","locations":[{"start":{"line":13,"column":21},"end":{"line":13,"column":38}},{"start":{"line":13,"column":38},"end":{"line":13,"column":null}}],"line":13},"3":{"loc":{"start":{"line":14,"column":8},"end":{"line":14,"column":null}},"type":"if","locations":[{"start":{"line":14,"column":8},"end":{"line":14,"column":null}},{"start":{},"end":{}}],"line":14},"4":{"loc":{"start":{"line":14,"column":12},"end":{"line":14,"column":50}},"type":"binary-expr","locations":[{"start":{"line":14,"column":12},"end":{"line":14,"column":30}},{"start":{"line":14,"column":30},"end":{"line":14,"column":50}}],"line":14}},"s":{"0":13,"1":13,"2":13,"3":13,"4":13,"5":0,"6":13,"7":13,"8":13,"9":13,"10":13,"11":0,"12":13,"13":13,"14":13},"f":{"0":13,"1":13,"2":13,"3":13,"4":0,"5":13},"b":{"0":[0,13],"1":[0,13],"2":[13,13],"3":[13,0],"4":[13,13]},"meta":{"lastBranch":5,"lastFunction":6,"lastStatement":15,"seen":{"f:4:16:4:32":0,"s:5:16:5:Infinity":0,"s:6:2:19:Infinity":1,"f:6:2:6:18":1,"s:7:20:7:Infinity":2,"s:8:4:17:Infinity":3,"f:8:25:8:31":2,"b:9:6:9:Infinity:undefined:undefined:undefined:undefined":0,"s:9:6:9:Infinity":4,"s:9:21:9:Infinity":5,"s:11:6:16:Infinity":6,"f:11:6:11:16":3,"s:12:19:12:Infinity":7,"b:12:47:12:61:12:61:12:Infinity":1,"s:13:21:13:Infinity":8,"b:13:21:13:38:13:38:13:Infinity":2,"b:14:8:14:Infinity:undefined:undefined:undefined:undefined":3,"s:14:8:14:Infinity":9,"b:14:12:14:30:14:30:14:50":4,"s:14:50:14:Infinity":10,"s:15:8:15:Infinity":11,"f:17:7:17:19":4,"s:18:4:18:Infinity":12,"f:18:4:18:17":5,"s:18:19:18:36":13,"s:20:2:20:Infinity":14}}}
,"/Users/triasbratayudhana/dev/lazysheet/website/landing/src/features/faq/copy-command.tsx": {"path":"/Users/triasbratayudhana/dev/lazysheet/website/landing/src/features/faq/copy-command.tsx","statementMap":{"0":{"start":{"line":6,"column":17},"end":{"line":6,"column":null}},"1":{"start":{"line":7,"column":8},"end":{"line":7,"column":null}},"2":{"start":{"line":8,"column":10},"end":{"line":8,"column":null}},"3":{"start":{"line":10,"column":2},"end":{"line":14,"column":null}},"4":{"start":{"line":11,"column":4},"end":{"line":13,"column":null}},"5":{"start":{"line":12,"column":6},"end":{"line":12,"column":null}},"6":{"start":{"line":12,"column":25},"end":{"line":12,"column":null}},"7":{"start":{"line":16,"column":8},"end":{"line":25,"column":null}},"8":{"start":{"line":17,"column":4},"end":{"line":24,"column":null}},"9":{"start":{"line":20,"column":8},"end":{"line":20,"column":null}},"10":{"start":{"line":21,"column":8},"end":{"line":21,"column":null}},"11":{"start":{"line":21,"column":27},"end":{"line":21,"column":null}},"12":{"start":{"line":22,"column":8},"end":{"line":22,"column":null}},"13":{"start":{"line":22,"column":41},"end":{"line":22,"column":59}},"14":{"start":{"line":27,"column":2},"end":{"line":45,"column":null}}},"fnMap":{"0":{"name":"CopyCommand","decl":{"start":{"line":5,"column":16},"end":{"line":5,"column":28}},"loc":{"start":{"line":5,"column":62},"end":{"line":47,"column":null}},"line":5},"1":{"name":"(anonymous_1)","decl":{"start":{"line":10,"column":2},"end":{"line":10,"column":18}},"loc":{"start":{"line":10,"column":18},"end":{"line":14,"column":5}},"line":10},"2":{"name":"(anonymous_2)","decl":{"start":{"line":11,"column":4},"end":{"line":11,"column":17}},"loc":{"start":{"line":11,"column":17},"end":{"line":13,"column":null}},"line":11},"3":{"name":"(anonymous_3)","decl":{"start":{"line":16,"column":8},"end":{"line":16,"column":23}},"loc":{"start":{"line":16,"column":23},"end":{"line":25,"column":null}},"line":16},"4":{"name":"(anonymous_4)","decl":{"start":{"line":19,"column":7},"end":{"line":19,"column":18}},"loc":{"start":{"line":19,"column":18},"end":{"line":23,"column":7}},"line":19},"5":{"name":"(anonymous_5)","decl":{"start":{"line":22,"column":24},"end":{"line":22,"column":41}},"loc":{"start":{"line":22,"column":41},"end":{"line":22,"column":59}},"line":22},"6":{"name":"(anonymous_6)","decl":{"start":{"line":24,"column":7},"end":{"line":24,"column":19}},"loc":{"start":{"line":24,"column":19},"end":{"line":24,"column":21}},"line":24}},"branchMap":{"0":{"loc":{"start":{"line":12,"column":6},"end":{"line":12,"column":null}},"type":"if","locations":[{"start":{"line":12,"column":6},"end":{"line":12,"column":null}},{"start":{},"end":{}}],"line":12},"1":{"loc":{"start":{"line":21,"column":8},"end":{"line":21,"column":null}},"type":"if","locations":[{"start":{"line":21,"column":8},"end":{"line":21,"column":null}},{"start":{},"end":{}}],"line":21},"2":{"loc":{"start":{"line":35,"column":20},"end":{"line":35,"column":null}},"type":"cond-expr","locations":[{"start":{"line":35,"column":29},"end":{"line":35,"column":47}},{"start":{"line":35,"column":47},"end":{"line":35,"column":null}}],"line":35},"3":{"loc":{"start":{"line":38,"column":9},"end":{"line":43,"column":18}},"type":"cond-expr","locations":[{"start":{"line":39,"column":10},"end":{"line":41,"column":11}},{"start":{"line":41,"column":10},"end":{"line":43,"column":18}}],"line":38},"4":{"loc":{"start":{"line":43,"column":9},"end":{"line":43,"column":null}},"type":"cond-expr","locations":[{"start":{"line":43,"column":18},"end":{"line":43,"column":36}},{"start":{"line":43,"column":36},"end":{"line":43,"column":null}}],"line":43}},"s":{"0":6,"1":6,"2":6,"3":6,"4":5,"5":5,"6":1,"7":6,"8":1,"9":1,"10":1,"11":0,"12":1,"13":0,"14":6},"f":{"0":6,"1":5,"2":5,"3":1,"4":1,"5":0,"6":0},"b":{"0":[1,4],"1":[0,1],"2":[1,5],"3":[1,5],"4":[1,5]},"meta":{"lastBranch":5,"lastFunction":7,"lastStatement":15,"seen":{"f:5:16:5:28":0,"s:6:17:6:Infinity":0,"s:7:8:7:Infinity":1,"s:8:10:8:Infinity":2,"s:10:2:14:Infinity":3,"f:10:2:10:18":1,"s:11:4:13:Infinity":4,"f:11:4:11:17":2,"b:12:6:12:Infinity:undefined:undefined:undefined:undefined":0,"s:12:6:12:Infinity":5,"s:12:25:12:Infinity":6,"s:16:8:25:Infinity":7,"f:16:8:16:23":3,"s:17:4:24:Infinity":8,"f:19:7:19:18":4,"s:20:8:20:Infinity":9,"b:21:8:21:Infinity:undefined:undefined:undefined:undefined":1,"s:21:8:21:Infinity":10,"s:21:27:21:Infinity":11,"s:22:8:22:Infinity":12,"f:22:24:22:41":5,"s:22:41:22:59":13,"f:24:7:24:19":6,"s:27:2:45:Infinity":14,"b:35:29:35:47:35:47:35:Infinity":2,"b:39:10:41:11:41:10:43:18":3,"b:43:18:43:36:43:36:43:Infinity":4}}}
,"/Users/triasbratayudhana/dev/lazysheet/website/landing/src/features/feedback/create-issue.ts": {"path":"/Users/triasbratayudhana/dev/lazysheet/website/landing/src/features/feedback/create-issue.ts","statementMap":{"0":{"start":{"line":18,"column":13},"end":{"line":18,"column":null}},"1":{"start":{"line":21,"column":2},"end":{"line":21,"column":null}},"2":{"start":{"line":21,"column":22},"end":{"line":21,"column":null}},"3":{"start":{"line":22,"column":2},"end":{"line":22,"column":null}},"4":{"start":{"line":22,"column":26},"end":{"line":22,"column":null}},"5":{"start":{"line":23,"column":2},"end":{"line":23,"column":null}},"6":{"start":{"line":26,"column":13},"end":{"line":88,"column":null}},"7":{"start":{"line":27,"column":46},"end":{"line":27,"column":50}},"8":{"start":{"line":30,"column":4},"end":{"line":32,"column":null}},"9":{"start":{"line":31,"column":6},"end":{"line":31,"column":null}},"10":{"start":{"line":35,"column":18},"end":{"line":35,"column":null}},"11":{"start":{"line":36,"column":24},"end":{"line":36,"column":null}},"12":{"start":{"line":38,"column":39},"end":{"line":38,"column":null}},"13":{"start":{"line":39,"column":4},"end":{"line":47,"column":null}},"14":{"start":{"line":46,"column":6},"end":{"line":46,"column":null}},"15":{"start":{"line":51,"column":7},"end":{"line":52,"column":null}},"16":{"start":{"line":53,"column":4},"end":{"line":55,"column":null}},"17":{"start":{"line":54,"column":6},"end":{"line":54,"column":null}},"18":{"start":{"line":58,"column":19},"end":{"line":58,"column":null}},"19":{"start":{"line":61,"column":20},"end":{"line":61,"column":null}},"20":{"start":{"line":63,"column":6},"end":{"line":66,"column":null}},"21":{"start":{"line":69,"column":16},"end":{"line":78,"column":null}},"22":{"start":{"line":81,"column":4},"end":{"line":83,"column":null}},"23":{"start":{"line":82,"column":6},"end":{"line":82,"column":null}},"24":{"start":{"line":86,"column":18},"end":{"line":86,"column":null}},"25":{"start":{"line":87,"column":4},"end":{"line":87,"column":null}}},"fnMap":{"0":{"name":"labelFor","decl":{"start":{"line":20,"column":9},"end":{"line":20,"column":18}},"loc":{"start":{"line":20,"column":46},"end":{"line":24,"column":null}},"line":20},"1":{"name":"(anonymous_1)","decl":{"start":{"line":27,"column":3},"end":{"line":27,"column":19}},"loc":{"start":{"line":27,"column":46},"end":{"line":27,"column":50}},"line":27},"2":{"name":"(anonymous_2)","decl":{"start":{"line":28,"column":11},"end":{"line":28,"column":18}},"loc":{"start":{"line":28,"column":59},"end":{"line":88,"column":3}},"line":28}},"branchMap":{"0":{"loc":{"start":{"line":21,"column":2},"end":{"line":21,"column":null}},"type":"if","locations":[{"start":{"line":21,"column":2},"end":{"line":21,"column":null}},{"start":{},"end":{}}],"line":21},"1":{"loc":{"start":{"line":22,"column":2},"end":{"line":22,"column":null}},"type":"if","locations":[{"start":{"line":22,"column":2},"end":{"line":22,"column":null}},{"start":{},"end":{}}],"line":22},"2":{"loc":{"start":{"line":30,"column":4},"end":{"line":32,"column":null}},"type":"if","locations":[{"start":{"line":30,"column":4},"end":{"line":32,"column":null}},{"start":{},"end":{}}],"line":30},"3":{"loc":{"start":{"line":30,"column":8},"end":{"line":30,"column":56}},"type":"binary-expr","locations":[{"start":{"line":30,"column":8},"end":{"line":30,"column":24}},{"start":{"line":30,"column":24},"end":{"line":30,"column":56}}],"line":30},"4":{"loc":{"start":{"line":39,"column":4},"end":{"line":47,"column":null}},"type":"if","locations":[{"start":{"line":39,"column":4},"end":{"line":47,"column":null}},{"start":{},"end":{}}],"line":39},"5":{"loc":{"start":{"line":40,"column":6},"end":{"line":44,"column":null}},"type":"binary-expr","locations":[{"start":{"line":40,"column":6},"end":{"line":40,"column":null}},{"start":{"line":41,"column":6},"end":{"line":41,"column":null}},{"start":{"line":42,"column":6},"end":{"line":42,"column":null}},{"start":{"line":43,"column":6},"end":{"line":43,"column":null}},{"start":{"line":44,"column":6},"end":{"line":44,"column":null}}],"line":40},"6":{"loc":{"start":{"line":53,"column":4},"end":{"line":55,"column":null}},"type":"if","locations":[{"start":{"line":53,"column":4},"end":{"line":55,"column":null}},{"start":{},"end":{}}],"line":53},"7":{"loc":{"start":{"line":65,"column":7},"end":{"line":65,"column":null}},"type":"cond-expr","locations":[{"start":{"line":65,"column":17},"end":{"line":65,"column":49}},{"start":{"line":65,"column":49},"end":{"line":65,"column":null}}],"line":65},"8":{"loc":{"start":{"line":81,"column":4},"end":{"line":83,"column":null}},"type":"if","locations":[{"start":{"line":81,"column":4},"end":{"line":83,"column":null}},{"start":{},"end":{}}],"line":81}},"s":{"0":0,"1":0,"2":0,"3":0,"4":0,"5":0,"6":0,"7":0,"8":0,"9":0,"10":0,"11":0,"12":0,"13":0,"14":0,"15":0,"16":0,"17":0,"18":0,"19":0,"20":0,"21":0,"22":0,"23":0,"24":0,"25":0},"f":{"0":0,"1":0,"2":0},"b":{"0":[0,0],"1":[0,0],"2":[0,0],"3":[0,0],"4":[0,0],"5":[0,0,0,0,0],"6":[0,0],"7":[0,0],"8":[0,0]},"meta":{"lastBranch":9,"lastFunction":3,"lastStatement":26,"seen":{"s:18:13:18:Infinity":0,"f:20:9:20:18":0,"b:21:2:21:Infinity:undefined:undefined:undefined:undefined":0,"s:21:2:21:Infinity":1,"s:21:22:21:Infinity":2,"b:22:2:22:Infinity:undefined:undefined:undefined:undefined":1,"s:22:2:22:Infinity":3,"s:22:26:22:Infinity":4,"s:23:2:23:Infinity":5,"s:26:13:88:Infinity":6,"f:27:3:27:19":1,"s:27:46:27:50":7,"f:28:11:28:18":2,"b:30:4:32:Infinity:undefined:undefined:undefined:undefined":2,"s:30:4:32:Infinity":8,"b:30:8:30:24:30:24:30:56":3,"s:31:6:31:Infinity":9,"s:35:18:35:Infinity":10,"s:36:24:36:Infinity":11,"s:38:39:38:Infinity":12,"b:39:4:47:Infinity:undefined:undefined:undefined:undefined":4,"s:39:4:47:Infinity":13,"b:40:6:40:Infinity:41:6:41:Infinity:42:6:42:Infinity:43:6:43:Infinity:44:6:44:Infinity":5,"s:46:6:46:Infinity":14,"s:51:7:52:Infinity":15,"b:53:4:55:Infinity:undefined:undefined:undefined:undefined":6,"s:53:4:55:Infinity":16,"s:54:6:54:Infinity":17,"s:58:19:58:Infinity":18,"s:61:20:61:Infinity":19,"s:63:6:66:Infinity":20,"b:65:17:65:49:65:49:65:Infinity":7,"s:69:16:78:Infinity":21,"b:81:4:83:Infinity:undefined:undefined:undefined:undefined":8,"s:81:4:83:Infinity":22,"s:82:6:82:Infinity":23,"s:86:18:86:Infinity":24,"s:87:4:87:Infinity":25}}}
,"/Users/triasbratayudhana/dev/lazysheet/website/landing/src/features/feedback/feedback-dialog.tsx": {"path":"/Users/triasbratayudhana/dev/lazysheet/website/landing/src/features/feedback/feedback-dialog.tsx","statementMap":{"0":{"start":{"line":24,"column":10},"end":{"line":24,"column":null}},"1":{"start":{"line":26,"column":15},"end":{"line":26,"column":null}},"2":{"start":{"line":27,"column":15},"end":{"line":27,"column":null}},"3":{"start":{"line":28,"column":16},"end":{"line":28,"column":null}},"4":{"start":{"line":29,"column":22},"end":{"line":29,"column":null}},"5":{"start":{"line":30,"column":18},"end":{"line":30,"column":null}},"6":{"start":{"line":31,"column":18},"end":{"line":31,"column":null}},"7":{"start":{"line":32,"column":21},"end":{"line":32,"column":null}},"8":{"start":{"line":35,"column":4},"end":{"line":35,"column":null}},"9":{"start":{"line":37,"column":4},"end":{"line":40,"column":null}},"10":{"start":{"line":38,"column":6},"end":{"line":38,"column":null}},"11":{"start":{"line":39,"column":6},"end":{"line":39,"column":null}},"12":{"start":{"line":42,"column":4},"end":{"line":42,"column":null}},"13":{"start":{"line":43,"column":4},"end":{"line":70,"column":null}},"14":{"start":{"line":44,"column":16},"end":{"line":52,"column":null}},"15":{"start":{"line":54,"column":6},"end":{"line":65,"column":null}},"16":{"start":{"line":55,"column":8},"end":{"line":55,"column":null}},"17":{"start":{"line":56,"column":8},"end":{"line":56,"column":null}},"18":{"start":{"line":57,"column":8},"end":{"line":57,"column":null}},"19":{"start":{"line":58,"column":8},"end":{"line":58,"column":null}},"20":{"start":{"line":59,"column":8},"end":{"line":59,"column":null}},"21":{"start":{"line":60,"column":8},"end":{"line":60,"column":null}},"22":{"start":{"line":61,"column":8},"end":{"line":61,"column":null}},"23":{"start":{"line":64,"column":8},"end":{"line":64,"column":null}},"24":{"start":{"line":67,"column":6},"end":{"line":67,"column":null}},"25":{"start":{"line":69,"column":6},"end":{"line":69,"column":null}},"26":{"start":{"line":73,"column":2},"end":{"line":150,"column":null}},"27":{"start":{"line":86,"column":31},"end":{"line":86,"column":null}},"28":{"start":{"line":100,"column":31},"end":{"line":100,"column":null}},"29":{"start":{"line":112,"column":31},"end":{"line":112,"column":null}},"30":{"start":{"line":124,"column":31},"end":{"line":124,"column":null}},"31":{"start":{"line":133,"column":29},"end":{"line":133,"column":null}},"32":{"start":{"line":141,"column":65},"end":{"line":141,"column":null}}},"fnMap":{"0":{"name":"FeedbackDialog","decl":{"start":{"line":23,"column":16},"end":{"line":23,"column":31}},"loc":{"start":{"line":23,"column":65},"end":{"line":152,"column":null}},"line":23},"1":{"name":"handleSubmit","decl":{"start":{"line":34,"column":17},"end":{"line":34,"column":30}},"loc":{"start":{"line":34,"column":67},"end":{"line":71,"column":null}},"line":34},"2":{"name":"(anonymous_2)","decl":{"start":{"line":86,"column":14},"end":{"line":86,"column":25}},"loc":{"start":{"line":86,"column":31},"end":{"line":86,"column":null}},"line":86},"3":{"name":"(anonymous_3)","decl":{"start":{"line":100,"column":14},"end":{"line":100,"column":25}},"loc":{"start":{"line":100,"column":31},"end":{"line":100,"column":null}},"line":100},"4":{"name":"(anonymous_4)","decl":{"start":{"line":112,"column":14},"end":{"line":112,"column":25}},"loc":{"start":{"line":112,"column":31},"end":{"line":112,"column":null}},"line":112},"5":{"name":"(anonymous_5)","decl":{"start":{"line":124,"column":14},"end":{"line":124,"column":25}},"loc":{"start":{"line":124,"column":31},"end":{"line":124,"column":null}},"line":124},"6":{"name":"(anonymous_6)","decl":{"start":{"line":133,"column":12},"end":{"line":133,"column":23}},"loc":{"start":{"line":133,"column":29},"end":{"line":133,"column":null}},"line":133},"7":{"name":"(anonymous_7)","decl":{"start":{"line":141,"column":50},"end":{"line":141,"column":65}},"loc":{"start":{"line":141,"column":65},"end":{"line":141,"column":null}},"line":141}},"branchMap":{"0":{"loc":{"start":{"line":37,"column":4},"end":{"line":40,"column":null}},"type":"if","locations":[{"start":{"line":37,"column":4},"end":{"line":40,"column":null}},{"start":{},"end":{}}],"line":37},"1":{"loc":{"start":{"line":37,"column":8},"end":{"line":37,"column":57}},"type":"binary-expr","locations":[{"start":{"line":37,"column":8},"end":{"line":37,"column":25}},{"start":{"line":37,"column":25},"end":{"line":37,"column":57}}],"line":37},"2":{"loc":{"start":{"line":49,"column":19},"end":{"line":49,"column":null}},"type":"binary-expr","locations":[{"start":{"line":49,"column":19},"end":{"line":49,"column":37}},{"start":{"line":49,"column":37},"end":{"line":49,"column":null}}],"line":49},"3":{"loc":{"start":{"line":54,"column":6},"end":{"line":65,"column":null}},"type":"if","locations":[{"start":{"line":54,"column":6},"end":{"line":65,"column":null}},{"start":{"line":62,"column":13},"end":{"line":65,"column":null}}],"line":54},"4":{"loc":{"start":{"line":145,"column":15},"end":{"line":145,"column":null}},"type":"cond-expr","locations":[{"start":{"line":145,"column":28},"end":{"line":145,"column":55}},{"start":{"line":145,"column":55},"end":{"line":145,"column":null}}],"line":145}},"s":{"0":0,"1":0,"2":0,"3":0,"4":0,"5":0,"6":0,"7":0,"8":0,"9":0,"10":0,"11":0,"12":0,"13":0,"14":0,"15":0,"16":0,"17":0,"18":0,"19":0,"20":0,"21":0,"22":0,"23":0,"24":0,"25":0,"26":0,"27":0,"28":0,"29":0,"30":0,"31":0,"32":0},"f":{"0":0,"1":0,"2":0,"3":0,"4":0,"5":0,"6":0,"7":0},"b":{"0":[0,0],"1":[0,0],"2":[0,0],"3":[0,0],"4":[0,0]},"meta":{"lastBranch":5,"lastFunction":8,"lastStatement":33,"seen":{"f:23:16:23:31":0,"s:24:10:24:Infinity":0,"s:26:15:26:Infinity":1,"s:27:15:27:Infinity":2,"s:28:16:28:Infinity":3,"s:29:22:29:Infinity":4,"s:30:18:30:Infinity":5,"s:31:18:31:Infinity":6,"s:32:21:32:Infinity":7,"f:34:17:34:30":1,"s:35:4:35:Infinity":8,"b:37:4:40:Infinity:undefined:undefined:undefined:undefined":0,"s:37:4:40:Infinity":9,"b:37:8:37:25:37:25:37:57":1,"s:38:6:38:Infinity":10,"s:39:6:39:Infinity":11,"s:42:4:42:Infinity":12,"s:43:4:70:Infinity":13,"s:44:16:52:Infinity":14,"b:49:19:49:37:49:37:49:Infinity":2,"b:54:6:65:Infinity:62:13:65:Infinity":3,"s:54:6:65:Infinity":15,"s:55:8:55:Infinity":16,"s:56:8:56:Infinity":17,"s:57:8:57:Infinity":18,"s:58:8:58:Infinity":19,"s:59:8:59:Infinity":20,"s:60:8:60:Infinity":21,"s:61:8:61:Infinity":22,"s:64:8:64:Infinity":23,"s:67:6:67:Infinity":24,"s:69:6:69:Infinity":25,"s:73:2:150:Infinity":26,"f:86:14:86:25":2,"s:86:31:86:Infinity":27,"f:100:14:100:25":3,"s:100:31:100:Infinity":28,"f:112:14:112:25":4,"s:112:31:112:Infinity":29,"f:124:14:124:25":5,"s:124:31:124:Infinity":30,"f:133:12:133:23":6,"s:133:29:133:Infinity":31,"f:141:50:141:65":7,"s:141:65:141:Infinity":32,"b:145:28:145:55:145:55:145:Infinity":4}}}
,"/Users/triasbratayudhana/dev/lazysheet/website/landing/src/features/github/github-stars.tsx": {"path":"/Users/triasbratayudhana/dev/lazysheet/website/landing/src/features/github/github-stars.tsx","statementMap":{"0":{"start":{"line":11,"column":10},"end":{"line":11,"column":null}},"1":{"start":{"line":12,"column":10},"end":{"line":12,"column":null}},"2":{"start":{"line":14,"column":2},"end":{"line":16,"column":null}},"3":{"start":{"line":15,"column":4},"end":{"line":15,"column":null}},"4":{"start":{"line":18,"column":2},"end":{"line":25,"column":null}}},"fnMap":{"0":{"name":"GithubStars","decl":{"start":{"line":10,"column":16},"end":{"line":10,"column":28}},"loc":{"start":{"line":10,"column":61},"end":{"line":27,"column":null}},"line":10}},"branchMap":{"0":{"loc":{"start":{"line":14,"column":2},"end":{"line":16,"column":null}},"type":"if","locations":[{"start":{"line":14,"column":2},"end":{"line":16,"column":null}},{"start":{},"end":{}}],"line":14}},"s":{"0":0,"1":0,"2":0,"3":0,"4":0},"f":{"0":0},"b":{"0":[0,0]},"meta":{"lastBranch":1,"lastFunction":1,"lastStatement":5,"seen":{"f:10:16:10:28":0,"s:11:10:11:Infinity":0,"s:12:10:12:Infinity":1,"b:14:2:16:Infinity:undefined:undefined:undefined:undefined":0,"s:14:2:16:Infinity":2,"s:15:4:15:Infinity":3,"s:18:2:25:Infinity":4}}}
,"/Users/triasbratayudhana/dev/lazysheet/website/landing/src/features/github/use-github-stars.ts": {"path":"/Users/triasbratayudhana/dev/lazysheet/website/landing/src/features/github/use-github-stars.ts","statementMap":{"0":{"start":{"line":3,"column":13},"end":{"line":3,"column":null}},"1":{"start":{"line":4,"column":18},"end":{"line":4,"column":null}},"2":{"start":{"line":5,"column":15},"end":{"line":5,"column":null}},"3":{"start":{"line":18,"column":2},"end":{"line":21,"column":null}},"4":{"start":{"line":19,"column":10},"end":{"line":19,"column":null}},"5":{"start":{"line":20,"column":4},"end":{"line":20,"column":null}},"6":{"start":{"line":22,"column":2},"end":{"line":22,"column":null}},"7":{"start":{"line":26,"column":16},"end":{"line":26,"column":null}},"8":{"start":{"line":27,"column":18},"end":{"line":27,"column":null}},"9":{"start":{"line":29,"column":2},"end":{"line":82,"column":null}},"10":{"start":{"line":30,"column":4},"end":{"line":32,"column":null}},"11":{"start":{"line":31,"column":6},"end":{"line":31,"column":null}},"12":{"start":{"line":34,"column":36},"end":{"line":34,"column":null}},"13":{"start":{"line":36,"column":4},"end":{"line":51,"column":null}},"14":{"start":{"line":37,"column":18},"end":{"line":37,"column":null}},"15":{"start":{"line":38,"column":6},"end":{"line":48,"column":null}},"16":{"start":{"line":39,"column":23},"end":{"line":39,"column":null}},"17":{"start":{"line":40,"column":8},"end":{"line":47,"column":null}},"18":{"start":{"line":41,"column":10},"end":{"line":41,"column":null}},"19":{"start":{"line":42,"column":10},"end":{"line":46,"column":null}},"20":{"start":{"line":43,"column":12},"end":{"line":43,"column":null}},"21":{"start":{"line":44,"column":12},"end":{"line":44,"column":null}},"22":{"start":{"line":45,"column":12},"end":{"line":45,"column":null}},"23":{"start":{"line":53,"column":23},"end":{"line":79,"column":null}},"24":{"start":{"line":54,"column":6},"end":{"line":78,"column":null}},"25":{"start":{"line":55,"column":20},"end":{"line":57,"column":null}},"26":{"start":{"line":59,"column":8},"end":{"line":63,"column":null}},"27":{"start":{"line":60,"column":10},"end":{"line":60,"column":null}},"28":{"start":{"line":61,"column":10},"end":{"line":61,"column":null}},"29":{"start":{"line":62,"column":10},"end":{"line":62,"column":null}},"30":{"start":{"line":65,"column":21},"end":{"line":65,"column":null}},"31":{"start":{"line":66,"column":18},"end":{"line":66,"column":null}},"32":{"start":{"line":67,"column":8},"end":{"line":67,"column":null}},"33":{"start":{"line":69,"column":8},"end":{"line":73,"column":null}},"34":{"start":{"line":70,"column":10},"end":{"line":70,"column":null}},"35":{"start":{"line":75,"column":8},"end":{"line":75,"column":null}},"36":{"start":{"line":77,"column":8},"end":{"line":77,"column":null}},"37":{"start":{"line":81,"column":4},"end":{"line":81,"column":null}},"38":{"start":{"line":84,"column":2},"end":{"line":84,"column":null}}},"fnMap":{"0":{"name":"formatStars","decl":{"start":{"line":17,"column":16},"end":{"line":17,"column":28}},"loc":{"start":{"line":17,"column":47},"end":{"line":23,"column":null}},"line":17},"1":{"name":"useGithubStars","decl":{"start":{"line":25,"column":16},"end":{"line":25,"column":51}},"loc":{"start":{"line":25,"column":51},"end":{"line":85,"column":null}},"line":25},"2":{"name":"(anonymous_2)","decl":{"start":{"line":29,"column":2},"end":{"line":29,"column":18}},"loc":{"start":{"line":29,"column":18},"end":{"line":82,"column":5}},"line":29},"3":{"name":"(anonymous_3)","decl":{"start":{"line":53,"column":23},"end":{"line":53,"column":35}},"loc":{"start":{"line":53,"column":35},"end":{"line":79,"column":null}},"line":53}},"branchMap":{"0":{"loc":{"start":{"line":18,"column":2},"end":{"line":21,"column":null}},"type":"if","locations":[{"start":{"line":18,"column":2},"end":{"line":21,"column":null}},{"start":{},"end":{}}],"line":18},"1":{"loc":{"start":{"line":30,"column":4},"end":{"line":32,"column":null}},"type":"if","locations":[{"start":{"line":30,"column":4},"end":{"line":32,"column":null}},{"start":{},"end":{}}],"line":30},"2":{"loc":{"start":{"line":38,"column":6},"end":{"line":48,"column":null}},"type":"if","locations":[{"start":{"line":38,"column":6},"end":{"line":48,"column":null}},{"start":{},"end":{}}],"line":38},"3":{"loc":{"start":{"line":40,"column":8},"end":{"line":47,"column":null}},"type":"if","locations":[{"start":{"line":40,"column":8},"end":{"line":47,"column":null}},{"start":{},"end":{}}],"line":40},"4":{"loc":{"start":{"line":40,"column":12},"end":{"line":40,"column":79}},"type":"binary-expr","locations":[{"start":{"line":40,"column":12},"end":{"line":40,"column":48}},{"start":{"line":40,"column":48},"end":{"line":40,"column":79}}],"line":40},"5":{"loc":{"start":{"line":42,"column":10},"end":{"line":46,"column":null}},"type":"if","locations":[{"start":{"line":42,"column":10},"end":{"line":46,"column":null}},{"start":{},"end":{}}],"line":42},"6":{"loc":{"start":{"line":59,"column":8},"end":{"line":63,"column":null}},"type":"if","locations":[{"start":{"line":59,"column":8},"end":{"line":63,"column":null}},{"start":{},"end":{}}],"line":59},"7":{"loc":{"start":{"line":60,"column":19},"end":{"line":60,"column":47}},"type":"cond-expr","locations":[{"start":{"line":60,"column":28},"end":{"line":60,"column":43}},{"start":{"line":60,"column":43},"end":{"line":60,"column":47}}],"line":60},"8":{"loc":{"start":{"line":75,"column":17},"end":{"line":75,"column":45}},"type":"cond-expr","locations":[{"start":{"line":75,"column":26},"end":{"line":75,"column":41}},{"start":{"line":75,"column":41},"end":{"line":75,"column":45}}],"line":75}},"s":{"0":0,"1":0,"2":0,"3":0,"4":0,"5":0,"6":0,"7":0,"8":0,"9":0,"10":0,"11":0,"12":0,"13":0,"14":0,"15":0,"16":0,"17":0,"18":0,"19":0,"20":0,"21":0,"22":0,"23":0,"24":0,"25":0,"26":0,"27":0,"28":0,"29":0,"30":0,"31":0,"32":0,"33":0,"34":0,"35":0,"36":0,"37":0,"38":0},"f":{"0":0,"1":0,"2":0,"3":0},"b":{"0":[0,0],"1":[0,0],"2":[0,0],"3":[0,0],"4":[0,0],"5":[0,0],"6":[0,0],"7":[0,0],"8":[0,0]},"meta":{"lastBranch":9,"lastFunction":4,"lastStatement":39,"seen":{"s:3:13:3:Infinity":0,"s:4:18:4:Infinity":1,"s:5:15:5:Infinity":2,"f:17:16:17:28":0,"b:18:2:21:Infinity:undefined:undefined:undefined:undefined":0,"s:18:2:21:Infinity":3,"s:19:10:19:Infinity":4,"s:20:4:20:Infinity":5,"s:22:2:22:Infinity":6,"f:25:16:25:51":1,"s:26:16:26:Infinity":7,"s:27:18:27:Infinity":8,"s:29:2:82:Infinity":9,"f:29:2:29:18":2,"b:30:4:32:Infinity:undefined:undefined:undefined:undefined":1,"s:30:4:32:Infinity":10,"s:31:6:31:Infinity":11,"s:34:36:34:Infinity":12,"s:36:4:51:Infinity":13,"s:37:18:37:Infinity":14,"b:38:6:48:Infinity:undefined:undefined:undefined:undefined":2,"s:38:6:48:Infinity":15,"s:39:23:39:Infinity":16,"b:40:8:47:Infinity:undefined:undefined:undefined:undefined":3,"s:40:8:47:Infinity":17,"b:40:12:40:48:40:48:40:79":4,"s:41:10:41:Infinity":18,"b:42:10:46:Infinity:undefined:undefined:undefined:undefined":5,"s:42:10:46:Infinity":19,"s:43:12:43:Infinity":20,"s:44:12:44:Infinity":21,"s:45:12:45:Infinity":22,"s:53:23:79:Infinity":23,"f:53:23:53:35":3,"s:54:6:78:Infinity":24,"s:55:20:57:Infinity":25,"b:59:8:63:Infinity:undefined:undefined:undefined:undefined":6,"s:59:8:63:Infinity":26,"s:60:10:60:Infinity":27,"b:60:28:60:43:60:43:60:47":7,"s:61:10:61:Infinity":28,"s:62:10:62:Infinity":29,"s:65:21:65:Infinity":30,"s:66:18:66:Infinity":31,"s:67:8:67:Infinity":32,"s:69:8:73:Infinity":33,"s:70:10:70:Infinity":34,"s:75:8:75:Infinity":35,"b:75:26:75:41:75:41:75:45":8,"s:77:8:77:Infinity":36,"s:81:4:81:Infinity":37,"s:84:2:84:Infinity":38}}}
,"/Users/triasbratayudhana/dev/lazysheet/website/landing/src/features/i18n/language-switcher.tsx": {"path":"/Users/triasbratayudhana/dev/lazysheet/website/landing/src/features/i18n/language-switcher.tsx","statementMap":{"0":{"start":{"line":13,"column":10},"end":{"line":13,"column":null}},"1":{"start":{"line":14,"column":8},"end":{"line":14,"column":null}},"2":{"start":{"line":15,"column":8},"end":{"line":15,"column":null}},"3":{"start":{"line":16,"column":8},"end":{"line":16,"column":null}},"4":{"start":{"line":18,"column":8},"end":{"line":18,"column":null}},"5":{"start":{"line":21,"column":18},"end":{"line":21,"column":null}},"6":{"start":{"line":23,"column":8},"end":{"line":27,"column":null}},"7":{"start":{"line":24,"column":19},"end":{"line":24,"column":null}},"8":{"start":{"line":25,"column":20},"end":{"line":25,"column":null}},"9":{"start":{"line":26,"column":4},"end":{"line":26,"column":null}},"10":{"start":{"line":29,"column":2},"end":{"line":42,"column":null}},"11":{"start":{"line":36,"column":10},"end":{"line":39,"column":null}}},"fnMap":{"0":{"name":"LanguageSwitcher","decl":{"start":{"line":12,"column":16},"end":{"line":12,"column":35}},"loc":{"start":{"line":12,"column":35},"end":{"line":44,"column":null}},"line":12},"1":{"name":"(anonymous_1)","decl":{"start":{"line":23,"column":8},"end":{"line":23,"column":24}},"loc":{"start":{"line":23,"column":42},"end":{"line":27,"column":null}},"line":23},"2":{"name":"(anonymous_2)","decl":{"start":{"line":35,"column":27},"end":{"line":35,"column":32}},"loc":{"start":{"line":36,"column":10},"end":{"line":39,"column":null}},"line":36}},"branchMap":{"0":{"loc":{"start":{"line":18,"column":8},"end":{"line":18,"column":null}},"type":"cond-expr","locations":[{"start":{"line":18,"column":65},"end":{"line":18,"column":93}},{"start":{"line":18,"column":93},"end":{"line":18,"column":null}}],"line":18},"1":{"loc":{"start":{"line":18,"column":41},"end":{"line":18,"column":60}},"type":"binary-expr","locations":[{"start":{"line":18,"column":41},"end":{"line":18,"column":58}},{"start":{"line":18,"column":58},"end":{"line":18,"column":60}}],"line":18},"2":{"loc":{"start":{"line":18,"column":93},"end":{"line":18,"column":null}},"type":"binary-expr","locations":[{"start":{"line":18,"column":93},"end":{"line":18,"column":121}},{"start":{"line":18,"column":121},"end":{"line":18,"column":null}}],"line":18},"3":{"loc":{"start":{"line":25,"column":33},"end":{"line":25,"column":null}},"type":"cond-expr","locations":[{"start":{"line":25,"column":51},"end":{"line":25,"column":56}},{"start":{"line":25,"column":56},"end":{"line":25,"column":null}}],"line":25}},"s":{"0":10,"1":10,"2":10,"3":10,"4":10,"5":10,"6":10,"7":0,"8":0,"9":0,"10":10,"11":40},"f":{"0":10,"1":0,"2":40},"b":{"0":[10,0],"1":[10,0],"2":[0,0],"3":[0,0]},"meta":{"lastBranch":4,"lastFunction":3,"lastStatement":12,"seen":{"f:12:16:12:35":0,"s:13:10:13:Infinity":0,"s:14:8:14:Infinity":1,"s:15:8:15:Infinity":2,"s:16:8:16:Infinity":3,"s:18:8:18:Infinity":4,"b:18:65:18:93:18:93:18:Infinity":0,"b:18:41:18:58:18:58:18:60":1,"b:18:93:18:121:18:121:18:Infinity":2,"s:21:18:21:Infinity":5,"s:23:8:27:Infinity":6,"f:23:8:23:24":1,"s:24:19:24:Infinity":7,"s:25:20:25:Infinity":8,"b:25:51:25:56:25:56:25:Infinity":3,"s:26:4:26:Infinity":9,"s:29:2:42:Infinity":10,"f:35:27:35:32":2,"s:36:10:39:Infinity":11}}}
,"/Users/triasbratayudhana/dev/lazysheet/website/landing/src/i18n/config.ts": {"path":"/Users/triasbratayudhana/dev/lazysheet/website/landing/src/i18n/config.ts","statementMap":{"0":{"start":{"line":9,"column":33},"end":{"line":9,"column":null}},"1":{"start":{"line":11,"column":38},"end":{"line":11,"column":null}},"2":{"start":{"line":13,"column":112},"end":{"line":18,"column":null}},"3":{"start":{"line":20,"column":66},"end":{"line":25,"column":null}},"4":{"start":{"line":28,"column":2},"end":{"line":28,"column":null}},"5":{"start":{"line":32,"column":19},"end":{"line":32,"column":null}},"6":{"start":{"line":33,"column":2},"end":{"line":39,"column":null}},"7":{"start":{"line":40,"column":2},"end":{"line":40,"column":null}},"8":{"start":{"line":44,"column":14},"end":{"line":44,"column":null}},"9":{"start":{"line":45,"column":2},"end":{"line":45,"column":null}}},"fnMap":{"0":{"name":"isLocale","decl":{"start":{"line":27,"column":16},"end":{"line":27,"column":25}},"loc":{"start":{"line":27,"column":57},"end":{"line":29,"column":null}},"line":27},"1":{"name":"createI18nInstance","decl":{"start":{"line":31,"column":16},"end":{"line":31,"column":35}},"loc":{"start":{"line":31,"column":51},"end":{"line":41,"column":null}},"line":31},"2":{"name":"localeFromPathname","decl":{"start":{"line":43,"column":16},"end":{"line":43,"column":35}},"loc":{"start":{"line":43,"column":61},"end":{"line":46,"column":null}},"line":43}},"branchMap":{"0":{"loc":{"start":{"line":44,"column":14},"end":{"line":44,"column":null}},"type":"binary-expr","locations":[{"start":{"line":44,"column":14},"end":{"line":44,"column":56}},{"start":{"line":44,"column":56},"end":{"line":44,"column":null}}],"line":44},"1":{"loc":{"start":{"line":45,"column":9},"end":{"line":45,"column":null}},"type":"cond-expr","locations":[{"start":{"line":45,"column":25},"end":{"line":45,"column":31}},{"start":{"line":45,"column":31},"end":{"line":45,"column":null}}],"line":45}},"s":{"0":7,"1":7,"2":7,"3":7,"4":29,"5":7,"6":7,"7":7,"8":0,"9":0},"f":{"0":29,"1":7,"2":0},"b":{"0":[0,0],"1":[0,0]},"meta":{"lastBranch":2,"lastFunction":3,"lastStatement":10,"seen":{"s:9:33:9:Infinity":0,"s:11:38:11:Infinity":1,"s:13:112:18:Infinity":2,"s:20:66:25:Infinity":3,"f:27:16:27:25":0,"s:28:2:28:Infinity":4,"f:31:16:31:35":1,"s:32:19:32:Infinity":5,"s:33:2:39:Infinity":6,"s:40:2:40:Infinity":7,"f:43:16:43:35":2,"s:44:14:44:Infinity":8,"b:44:14:44:56:44:56:44:Infinity":0,"s:45:2:45:Infinity":9,"b:45:25:45:31:45:31:45:Infinity":1}}}
,"/Users/triasbratayudhana/dev/lazysheet/website/landing/src/i18n/seo.ts": {"path":"/Users/triasbratayudhana/dev/lazysheet/website/landing/src/i18n/seo.ts","statementMap":{"0":{"start":{"line":3,"column":24},"end":{"line":3,"column":null}},"1":{"start":{"line":13,"column":15},"end":{"line":13,"column":null}},"2":{"start":{"line":14,"column":23},"end":{"line":14,"column":null}},"3":{"start":{"line":16,"column":2},"end":{"line":24,"column":null}},"4":{"start":{"line":28,"column":16},"end":{"line":32,"column":null}},"5":{"start":{"line":28,"column":46},"end":{"line":32,"column":4}},"6":{"start":{"line":33,"column":2},"end":{"line":37,"column":null}},"7":{"start":{"line":38,"column":2},"end":{"line":38,"column":null}}},"fnMap":{"0":{"name":"getSeoMeta","decl":{"start":{"line":12,"column":16},"end":{"line":12,"column":27}},"loc":{"start":{"line":12,"column":43},"end":{"line":25,"column":null}},"line":12},"1":{"name":"getHreflangLinks","decl":{"start":{"line":27,"column":16},"end":{"line":27,"column":33}},"loc":{"start":{"line":27,"column":49},"end":{"line":39,"column":null}},"line":27},"2":{"name":"(anonymous_2)","decl":{"start":{"line":28,"column":34},"end":{"line":28,"column":39}},"loc":{"start":{"line":28,"column":46},"end":{"line":32,"column":4}},"line":28}},"branchMap":{},"s":{"0":0,"1":0,"2":0,"3":0,"4":0,"5":0,"6":0,"7":0},"f":{"0":0,"1":0,"2":0},"b":{},"meta":{"lastBranch":0,"lastFunction":3,"lastStatement":8,"seen":{"s:3:24:3:Infinity":0,"f:12:16:12:27":0,"s:13:15:13:Infinity":1,"s:14:23:14:Infinity":2,"s:16:2:24:Infinity":3,"f:27:16:27:33":1,"s:28:16:32:Infinity":4,"f:28:34:28:39":2,"s:28:46:32:4":5,"s:33:2:37:Infinity":6,"s:38:2:38:Infinity":7}}}
,"/Users/triasbratayudhana/dev/lazysheet/website/landing/src/lib/fallback-release.ts": {"path":"/Users/triasbratayudhana/dev/lazysheet/website/landing/src/lib/fallback-release.ts","statementMap":{"0":{"start":{"line":16,"column":21},"end":{"line":16,"column":null}},"1":{"start":{"line":18,"column":29},"end":{"line":24,"column":null}},"2":{"start":{"line":27,"column":8},"end":{"line":27,"column":null}},"3":{"start":{"line":28,"column":2},"end":{"line":28,"column":null}},"4":{"start":{"line":28,"column":10},"end":{"line":28,"column":null}},"5":{"start":{"line":29,"column":2},"end":{"line":34,"column":null}},"6":{"start":{"line":37,"column":45},"end":{"line":45,"column":null}},"7":{"start":{"line":43,"column":30},"end":{"line":43,"column":null}}},"fnMap":{"0":{"name":"buildAsset","decl":{"start":{"line":26,"column":9},"end":{"line":26,"column":20}},"loc":{"start":{"line":26,"column":55},"end":{"line":35,"column":null}},"line":26},"1":{"name":"(anonymous_1)","decl":{"start":{"line":42,"column":47},"end":{"line":42,"column":null}},"loc":{"start":{"line":43,"column":30},"end":{"line":43,"column":null}},"line":43}},"branchMap":{"0":{"loc":{"start":{"line":28,"column":2},"end":{"line":28,"column":null}},"type":"if","locations":[{"start":{"line":28,"column":2},"end":{"line":28,"column":null}},{"start":{},"end":{}}],"line":28}},"s":{"0":3,"1":3,"2":15,"3":15,"4":0,"5":15,"6":3,"7":15},"f":{"0":15,"1":15},"b":{"0":[0,15]},"meta":{"lastBranch":1,"lastFunction":2,"lastStatement":8,"seen":{"s:16:21:16:Infinity":0,"s:18:29:24:Infinity":1,"f:26:9:26:20":0,"s:27:8:27:Infinity":2,"b:28:2:28:Infinity:undefined:undefined:undefined:undefined":0,"s:28:2:28:Infinity":3,"s:28:10:28:Infinity":4,"s:29:2:34:Infinity":5,"s:37:45:45:Infinity":6,"f:42:47:42:Infinity":1,"s:43:30:43:Infinity":7}}}
,"/Users/triasbratayudhana/dev/lazysheet/website/landing/src/lib/fontawesome.ts": {"path":"/Users/triasbratayudhana/dev/lazysheet/website/landing/src/lib/fontawesome.ts","statementMap":{"0":{"start":{"line":7,"column":0},"end":{"line":7,"column":null}}},"fnMap":{},"branchMap":{},"s":{"0":0},"f":{},"b":{},"meta":{"lastBranch":0,"lastFunction":0,"lastStatement":1,"seen":{"s:7:0:7:Infinity":0}}}
,"/Users/triasbratayudhana/dev/lazysheet/website/landing/src/lib/os.ts": {"path":"/Users/triasbratayudhana/dev/lazysheet/website/landing/src/lib/os.ts","statementMap":{"0":{"start":{"line":6,"column":2},"end":{"line":6,"column":null}},"1":{"start":{"line":6,"column":11},"end":{"line":6,"column":null}},"2":{"start":{"line":7,"column":2},"end":{"line":7,"column":null}},"3":{"start":{"line":7,"column":27},"end":{"line":7,"column":null}},"4":{"start":{"line":8,"column":2},"end":{"line":8,"column":null}},"5":{"start":{"line":8,"column":36},"end":{"line":8,"column":null}},"6":{"start":{"line":9,"column":2},"end":{"line":9,"column":null}},"7":{"start":{"line":9,"column":27},"end":{"line":9,"column":null}},"8":{"start":{"line":10,"column":2},"end":{"line":10,"column":null}},"9":{"start":{"line":10,"column":38},"end":{"line":10,"column":null}},"10":{"start":{"line":11,"column":2},"end":{"line":11,"column":null}},"11":{"start":{"line":11,"column":29},"end":{"line":11,"column":null}},"12":{"start":{"line":12,"column":2},"end":{"line":12,"column":null}},"13":{"start":{"line":29,"column":2},"end":{"line":74,"column":null}},"14":{"start":{"line":30,"column":4},"end":{"line":32,"column":null}},"15":{"start":{"line":31,"column":6},"end":{"line":31,"column":null}},"16":{"start":{"line":34,"column":16},"end":{"line":34,"column":null}},"17":{"start":{"line":36,"column":4},"end":{"line":65,"column":null}},"18":{"start":{"line":37,"column":19},"end":{"line":41,"column":null}},"19":{"start":{"line":43,"column":26},"end":{"line":43,"column":null}},"20":{"start":{"line":45,"column":6},"end":{"line":55,"column":null}},"21":{"start":{"line":46,"column":8},"end":{"line":46,"column":null}},"22":{"start":{"line":47,"column":13},"end":{"line":55,"column":null}},"23":{"start":{"line":48,"column":8},"end":{"line":48,"column":null}},"24":{"start":{"line":49,"column":13},"end":{"line":55,"column":null}},"25":{"start":{"line":50,"column":8},"end":{"line":50,"column":null}},"26":{"start":{"line":51,"column":13},"end":{"line":55,"column":null}},"27":{"start":{"line":52,"column":8},"end":{"line":52,"column":null}},"28":{"start":{"line":54,"column":8},"end":{"line":54,"column":null}},"29":{"start":{"line":57,"column":30},"end":{"line":57,"column":null}},"30":{"start":{"line":58,"column":6},"end":{"line":62,"column":null}},"31":{"start":{"line":59,"column":8},"end":{"line":59,"column":null}},"32":{"start":{"line":60,"column":13},"end":{"line":62,"column":null}},"33":{"start":{"line":61,"column":8},"end":{"line":61,"column":null}},"34":{"start":{"line":64,"column":6},"end":{"line":64,"column":null}},"35":{"start":{"line":68,"column":4},"end":{"line":68,"column":null}},"36":{"start":{"line":70,"column":4},"end":{"line":73,"column":null}}},"fnMap":{"0":{"name":"detectOSFromUA","decl":{"start":{"line":5,"column":16},"end":{"line":5,"column":31}},"loc":{"start":{"line":5,"column":66},"end":{"line":13,"column":null}},"line":5},"1":{"name":"detectClientOSArch","decl":{"start":{"line":28,"column":22},"end":{"line":28,"column":83}},"loc":{"start":{"line":28,"column":83},"end":{"line":75,"column":null}},"line":28}},"branchMap":{"0":{"loc":{"start":{"line":6,"column":2},"end":{"line":6,"column":null}},"type":"if","locations":[{"start":{"line":6,"column":2},"end":{"line":6,"column":null}},{"start":{},"end":{}}],"line":6},"1":{"loc":{"start":{"line":7,"column":2},"end":{"line":7,"column":null}},"type":"if","locations":[{"start":{"line":7,"column":2},"end":{"line":7,"column":null}},{"start":{},"end":{}}],"line":7},"2":{"loc":{"start":{"line":8,"column":2},"end":{"line":8,"column":null}},"type":"if","locations":[{"start":{"line":8,"column":2},"end":{"line":8,"column":null}},{"start":{},"end":{}}],"line":8},"3":{"loc":{"start":{"line":9,"column":2},"end":{"line":9,"column":null}},"type":"if","locations":[{"start":{"line":9,"column":2},"end":{"line":9,"column":null}},{"start":{},"end":{}}],"line":9},"4":{"loc":{"start":{"line":10,"column":2},"end":{"line":10,"column":null}},"type":"if","locations":[{"start":{"line":10,"column":2},"end":{"line":10,"column":null}},{"start":{},"end":{}}],"line":10},"5":{"loc":{"start":{"line":11,"column":2},"end":{"line":11,"column":null}},"type":"if","locations":[{"start":{"line":11,"column":2},"end":{"line":11,"column":null}},{"start":{},"end":{}}],"line":11},"6":{"loc":{"start":{"line":30,"column":4},"end":{"line":32,"column":null}},"type":"if","locations":[{"start":{"line":30,"column":4},"end":{"line":32,"column":null}},{"start":{},"end":{}}],"line":30},"7":{"loc":{"start":{"line":36,"column":4},"end":{"line":65,"column":null}},"type":"if","locations":[{"start":{"line":36,"column":4},"end":{"line":65,"column":null}},{"start":{},"end":{}}],"line":36},"8":{"loc":{"start":{"line":43,"column":26},"end":{"line":43,"column":null}},"type":"binary-expr","locations":[{"start":{"line":43,"column":26},"end":{"line":43,"column":43}},{"start":{"line":43,"column":43},"end":{"line":43,"column":73}},{"start":{"line":43,"column":73},"end":{"line":43,"column":null}}],"line":43},"9":{"loc":{"start":{"line":45,"column":6},"end":{"line":55,"column":null}},"type":"if","locations":[{"start":{"line":45,"column":6},"end":{"line":55,"column":null}},{"start":{"line":47,"column":13},"end":{"line":55,"column":null}}],"line":45},"10":{"loc":{"start":{"line":47,"column":13},"end":{"line":55,"column":null}},"type":"if","locations":[{"start":{"line":47,"column":13},"end":{"line":55,"column":null}},{"start":{"line":49,"column":13},"end":{"line":55,"column":null}}],"line":47},"11":{"loc":{"start":{"line":49,"column":13},"end":{"line":55,"column":null}},"type":"if","locations":[{"start":{"line":49,"column":13},"end":{"line":55,"column":null}},{"start":{"line":51,"column":13},"end":{"line":55,"column":null}}],"line":49},"12":{"loc":{"start":{"line":51,"column":13},"end":{"line":55,"column":null}},"type":"if","locations":[{"start":{"line":51,"column":13},"end":{"line":55,"column":null}},{"start":{"line":53,"column":13},"end":{"line":55,"column":null}}],"line":51},"13":{"loc":{"start":{"line":58,"column":6},"end":{"line":62,"column":null}},"type":"if","locations":[{"start":{"line":58,"column":6},"end":{"line":62,"column":null}},{"start":{"line":60,"column":13},"end":{"line":62,"column":null}}],"line":58},"14":{"loc":{"start":{"line":60,"column":13},"end":{"line":62,"column":null}},"type":"if","locations":[{"start":{"line":60,"column":13},"end":{"line":62,"column":null}},{"start":{},"end":{}}],"line":60},"15":{"loc":{"start":{"line":60,"column":17},"end":{"line":60,"column":71}},"type":"binary-expr","locations":[{"start":{"line":60,"column":17},"end":{"line":60,"column":48}},{"start":{"line":60,"column":48},"end":{"line":60,"column":71}}],"line":60},"16":{"loc":{"start":{"line":71,"column":10},"end":{"line":71,"column":null}},"type":"cond-expr","locations":[{"start":{"line":71,"column":45},"end":{"line":71,"column":83}},{"start":{"line":71,"column":83},"end":{"line":71,"column":null}}],"line":71}},"s":{"0":14,"1":3,"2":11,"3":1,"4":10,"5":2,"6":8,"7":2,"8":6,"9":2,"10":4,"11":4,"12":2,"13":0,"14":0,"15":0,"16":0,"17":0,"18":0,"19":0,"20":0,"21":0,"22":0,"23":0,"24":0,"25":0,"26":0,"27":0,"28":0,"29":0,"30":0,"31":0,"32":0,"33":0,"34":0,"35":0,"36":0},"f":{"0":14,"1":0},"b":{"0":[3,11],"1":[1,10],"2":[2,8],"3":[2,6],"4":[2,4],"5":[2,2],"6":[0,0],"7":[0,0],"8":[0,0,0],"9":[0,0],"10":[0,0],"11":[0,0],"12":[0,0],"13":[0,0],"14":[0,0],"15":[0,0],"16":[0,0]},"meta":{"lastBranch":17,"lastFunction":2,"lastStatement":37,"seen":{"f:5:16:5:31":0,"b:6:2:6:Infinity:undefined:undefined:undefined:undefined":0,"s:6:2:6:Infinity":0,"s:6:11:6:Infinity":1,"b:7:2:7:Infinity:undefined:undefined:undefined:undefined":1,"s:7:2:7:Infinity":2,"s:7:27:7:Infinity":3,"b:8:2:8:Infinity:undefined:undefined:undefined:undefined":2,"s:8:2:8:Infinity":4,"s:8:36:8:Infinity":5,"b:9:2:9:Infinity:undefined:undefined:undefined:undefined":3,"s:9:2:9:Infinity":6,"s:9:27:9:Infinity":7,"b:10:2:10:Infinity:undefined:undefined:undefined:undefined":4,"s:10:2:10:Infinity":8,"s:10:38:10:Infinity":9,"b:11:2:11:Infinity:undefined:undefined:undefined:undefined":5,"s:11:2:11:Infinity":10,"s:11:29:11:Infinity":11,"s:12:2:12:Infinity":12,"f:28:22:28:83":1,"s:29:2:74:Infinity":13,"b:30:4:32:Infinity:undefined:undefined:undefined:undefined":6,"s:30:4:32:Infinity":14,"s:31:6:31:Infinity":15,"s:34:16:34:Infinity":16,"b:36:4:65:Infinity:undefined:undefined:undefined:undefined":7,"s:36:4:65:Infinity":17,"s:37:19:41:Infinity":18,"s:43:26:43:Infinity":19,"b:43:26:43:43:43:43:43:73:43:73:43:Infinity":8,"b:45:6:55:Infinity:47:13:55:Infinity":9,"s:45:6:55:Infinity":20,"s:46:8:46:Infinity":21,"b:47:13:55:Infinity:49:13:55:Infinity":10,"s:47:13:55:Infinity":22,"s:48:8:48:Infinity":23,"b:49:13:55:Infinity:51:13:55:Infinity":11,"s:49:13:55:Infinity":24,"s:50:8:50:Infinity":25,"b:51:13:55:Infinity:53:13:55:Infinity":12,"s:51:13:55:Infinity":26,"s:52:8:52:Infinity":27,"s:54:8:54:Infinity":28,"s:57:30:57:Infinity":29,"b:58:6:62:Infinity:60:13:62:Infinity":13,"s:58:6:62:Infinity":30,"s:59:8:59:Infinity":31,"b:60:13:62:Infinity:undefined:undefined:undefined:undefined":14,"s:60:13:62:Infinity":32,"b:60:17:60:48:60:48:60:71":15,"s:61:8:61:Infinity":33,"s:64:6:64:Infinity":34,"s:68:4:68:Infinity":35,"s:70:4:73:Infinity":36,"b:71:45:71:83:71:83:71:Infinity":16}}}
,"/Users/triasbratayudhana/dev/lazysheet/website/landing/src/lib/releases-data.ts": {"path":"/Users/triasbratayudhana/dev/lazysheet/website/landing/src/lib/releases-data.ts","statementMap":{"0":{"start":{"line":12,"column":13},"end":{"line":19,"column":null}},"1":{"start":{"line":14,"column":10},"end":{"line":14,"column":null}},"2":{"start":{"line":15,"column":10},"end":{"line":15,"column":null}},"3":{"start":{"line":16,"column":20},"end":{"line":16,"column":null}},"4":{"start":{"line":17,"column":4},"end":{"line":17,"column":null}},"5":{"start":{"line":23,"column":19},"end":{"line":23,"column":null}},"6":{"start":{"line":26,"column":12},"end":{"line":26,"column":null}},"7":{"start":{"line":34,"column":16},"end":{"line":34,"column":null}},"8":{"start":{"line":39,"column":35},"end":{"line":39,"column":null}},"9":{"start":{"line":40,"column":2},"end":{"line":47,"column":null}},"10":{"start":{"line":41,"column":16},"end":{"line":41,"column":null}},"11":{"start":{"line":42,"column":4},"end":{"line":46,"column":null}},"12":{"start":{"line":43,"column":6},"end":{"line":43,"column":null}},"13":{"start":{"line":45,"column":6},"end":{"line":45,"column":null}},"14":{"start":{"line":49,"column":2},"end":{"line":88,"column":null}},"15":{"start":{"line":54,"column":7},"end":{"line":55,"column":null}},"16":{"start":{"line":57,"column":16},"end":{"line":64,"column":null}},"17":{"start":{"line":66,"column":37},"end":{"line":66,"column":null}},"18":{"start":{"line":70,"column":4},"end":{"line":80,"column":null}},"19":{"start":{"line":71,"column":6},"end":{"line":79,"column":null}},"20":{"start":{"line":85,"column":4},"end":{"line":85,"column":null}},"21":{"start":{"line":87,"column":4},"end":{"line":87,"column":null}}},"fnMap":{"0":{"name":"(anonymous_0)","decl":{"start":{"line":13,"column":2},"end":{"line":13,"column":37}},"loc":{"start":{"line":13,"column":37},"end":{"line":18,"column":null}},"line":13},"1":{"name":"fetchLatestCached","decl":{"start":{"line":21,"column":15},"end":{"line":21,"column":64}},"loc":{"start":{"line":21,"column":64},"end":{"line":89,"column":null}},"line":21}},"branchMap":{"0":{"loc":{"start":{"line":40,"column":2},"end":{"line":47,"column":null}},"type":"if","locations":[{"start":{"line":40,"column":2},"end":{"line":47,"column":null}},{"start":{},"end":{}}],"line":40},"1":{"loc":{"start":{"line":42,"column":4},"end":{"line":46,"column":null}},"type":"if","locations":[{"start":{"line":42,"column":4},"end":{"line":46,"column":null}},{"start":{},"end":{}}],"line":42},"2":{"loc":{"start":{"line":61,"column":12},"end":{"line":61,"column":null}},"type":"cond-expr","locations":[{"start":{"line":61,"column":20},"end":{"line":61,"column":59}},{"start":{"line":61,"column":59},"end":{"line":61,"column":null}}],"line":61},"3":{"loc":{"start":{"line":66,"column":37},"end":{"line":66,"column":null}},"type":"cond-expr","locations":[{"start":{"line":66,"column":41},"end":{"line":66,"column":79}},{"start":{"line":66,"column":79},"end":{"line":66,"column":null}}],"line":66},"4":{"loc":{"start":{"line":70,"column":4},"end":{"line":80,"column":null}},"type":"if","locations":[{"start":{"line":70,"column":4},"end":{"line":80,"column":null}},{"start":{},"end":{}}],"line":70},"5":{"loc":{"start":{"line":70,"column":8},"end":{"line":70,"column":49}},"type":"binary-expr","locations":[{"start":{"line":70,"column":8},"end":{"line":70,"column":17}},{"start":{"line":70,"column":17},"end":{"line":70,"column":25}},{"start":{"line":70,"column":25},"end":{"line":70,"column":49}}],"line":70},"6":{"loc":{"start":{"line":85,"column":11},"end":{"line":85,"column":null}},"type":"binary-expr","locations":[{"start":{"line":85,"column":11},"end":{"line":85,"column":19}},{"start":{"line":85,"column":19},"end":{"line":85,"column":29}},{"start":{"line":85,"column":29},"end":{"line":85,"column":null}}],"line":85},"7":{"loc":{"start":{"line":87,"column":11},"end":{"line":87,"column":null}},"type":"binary-expr","locations":[{"start":{"line":87,"column":11},"end":{"line":87,"column":21}},{"start":{"line":87,"column":21},"end":{"line":87,"column":null}}],"line":87}},"s":{"0":2,"1":0,"2":0,"3":0,"4":0,"5":0,"6":0,"7":0,"8":0,"9":0,"10":0,"11":0,"12":0,"13":0,"14":0,"15":0,"16":0,"17":0,"18":0,"19":0,"20":0,"21":0},"f":{"0":0,"1":0},"b":{"0":[0,0],"1":[0,0],"2":[0,0],"3":[0,0],"4":[0,0],"5":[0,0,0],"6":[0,0,0],"7":[0,0]},"meta":{"lastBranch":8,"lastFunction":2,"lastStatement":22,"seen":{"s:12:13:19:Infinity":0,"f:13:2:13:37":0,"s:14:10:14:Infinity":1,"s:15:10:15:Infinity":2,"s:16:20:16:Infinity":3,"s:17:4:17:Infinity":4,"f:21:15:21:64":1,"s:23:19:23:Infinity":5,"s:26:12:26:Infinity":6,"s:34:16:34:Infinity":7,"s:39:35:39:Infinity":8,"b:40:2:47:Infinity:undefined:undefined:undefined:undefined":0,"s:40:2:47:Infinity":9,"s:41:16:41:Infinity":10,"b:42:4:46:Infinity:undefined:undefined:undefined:undefined":1,"s:42:4:46:Infinity":11,"s:43:6:43:Infinity":12,"s:45:6:45:Infinity":13,"s:49:2:88:Infinity":14,"s:54:7:55:Infinity":15,"s:57:16:64:Infinity":16,"b:61:20:61:59:61:59:61:Infinity":2,"s:66:37:66:Infinity":17,"b:66:41:66:79:66:79:66:Infinity":3,"b:70:4:80:Infinity:undefined:undefined:undefined:undefined":4,"s:70:4:80:Infinity":18,"b:70:8:70:17:70:17:70:25:70:25:70:49":5,"s:71:6:79:Infinity":19,"s:85:4:85:Infinity":20,"b:85:11:85:19:85:19:85:29:85:29:85:Infinity":6,"s:87:4:87:Infinity":21,"b:87:11:87:21:87:21:87:Infinity":7}}}
,"/Users/triasbratayudhana/dev/lazysheet/website/landing/src/lib/releases.ts": {"path":"/Users/triasbratayudhana/dev/lazysheet/website/landing/src/lib/releases.ts","statementMap":{"0":{"start":{"line":31,"column":20},"end":{"line":31,"column":null}},"1":{"start":{"line":32,"column":33},"end":{"line":32,"column":null}},"2":{"start":{"line":33,"column":31},"end":{"line":33,"column":null}},"3":{"start":{"line":34,"column":29},"end":{"line":34,"column":null}},"4":{"start":{"line":39,"column":12},"end":{"line":39,"column":null}},"5":{"start":{"line":42,"column":2},"end":{"line":42,"column":null}},"6":{"start":{"line":42,"column":68},"end":{"line":42,"column":null}},"7":{"start":{"line":48,"column":2},"end":{"line":78,"column":null}},"8":{"start":{"line":49,"column":4},"end":{"line":49,"column":null}},"9":{"start":{"line":50,"column":4},"end":{"line":50,"column":null}},"10":{"start":{"line":51,"column":9},"end":{"line":78,"column":null}},"11":{"start":{"line":52,"column":4},"end":{"line":52,"column":null}},"12":{"start":{"line":53,"column":4},"end":{"line":53,"column":null}},"13":{"start":{"line":54,"column":9},"end":{"line":78,"column":null}},"14":{"start":{"line":55,"column":4},"end":{"line":55,"column":null}},"15":{"start":{"line":56,"column":4},"end":{"line":56,"column":null}},"16":{"start":{"line":57,"column":9},"end":{"line":78,"column":null}},"17":{"start":{"line":58,"column":4},"end":{"line":58,"column":null}},"18":{"start":{"line":59,"column":4},"end":{"line":59,"column":null}},"19":{"start":{"line":60,"column":9},"end":{"line":78,"column":null}},"20":{"start":{"line":61,"column":4},"end":{"line":61,"column":null}},"21":{"start":{"line":62,"column":4},"end":{"line":62,"column":null}},"22":{"start":{"line":63,"column":9},"end":{"line":78,"column":null}},"23":{"start":{"line":64,"column":4},"end":{"line":64,"column":null}},"24":{"start":{"line":65,"column":4},"end":{"line":65,"column":null}},"25":{"start":{"line":66,"column":9},"end":{"line":78,"column":null}},"26":{"start":{"line":67,"column":4},"end":{"line":67,"column":null}},"27":{"start":{"line":68,"column":4},"end":{"line":68,"column":null}},"28":{"start":{"line":69,"column":9},"end":{"line":78,"column":null}},"29":{"start":{"line":70,"column":4},"end":{"line":70,"column":null}},"30":{"start":{"line":71,"column":4},"end":{"line":71,"column":null}},"31":{"start":{"line":72,"column":9},"end":{"line":78,"column":null}},"32":{"start":{"line":73,"column":4},"end":{"line":73,"column":null}},"33":{"start":{"line":74,"column":4},"end":{"line":74,"column":null}},"34":{"start":{"line":77,"column":4},"end":{"line":77,"column":null}},"35":{"start":{"line":82,"column":2},"end":{"line":91,"column":null}},"36":{"start":{"line":83,"column":4},"end":{"line":83,"column":null}},"37":{"start":{"line":84,"column":9},"end":{"line":91,"column":null}},"38":{"start":{"line":85,"column":4},"end":{"line":85,"column":null}},"39":{"start":{"line":86,"column":9},"end":{"line":91,"column":null}},"40":{"start":{"line":87,"column":4},"end":{"line":87,"column":null}},"41":{"start":{"line":90,"column":4},"end":{"line":90,"column":null}},"42":{"start":{"line":93,"column":2},"end":{"line":93,"column":null}},"43":{"start":{"line":97,"column":2},"end":{"line":132,"column":null}},"44":{"start":{"line":100,"column":21},"end":{"line":103,"column":null}},"45":{"start":{"line":102,"column":41},"end":{"line":102,"column":54}},"46":{"start":{"line":105,"column":4},"end":{"line":105,"column":null}},"47":{"start":{"line":105,"column":54},"end":{"line":105,"column":null}},"48":{"start":{"line":108,"column":10},"end":{"line":121,"column":null}},"49":{"start":{"line":111,"column":18},"end":{"line":111,"column":null}},"50":{"start":{"line":112,"column":8},"end":{"line":119,"column":null}},"51":{"start":{"line":121,"column":40},"end":{"line":121,"column":50}},"52":{"start":{"line":123,"column":4},"end":{"line":129,"column":null}},"53":{"start":{"line":131,"column":4},"end":{"line":131,"column":null}},"54":{"start":{"line":138,"column":2},"end":{"line":142,"column":null}},"55":{"start":{"line":139,"column":32},"end":{"line":139,"column":48}},"56":{"start":{"line":140,"column":34},"end":{"line":140,"column":52}},"57":{"start":{"line":141,"column":32},"end":{"line":141,"column":48}},"58":{"start":{"line":150,"column":16},"end":{"line":150,"column":null}},"59":{"start":{"line":150,"column":37},"end":{"line":150,"column":48}},"60":{"start":{"line":151,"column":2},"end":{"line":151,"column":null}},"61":{"start":{"line":151,"column":21},"end":{"line":151,"column":null}},"62":{"start":{"line":153,"column":49},"end":{"line":157,"column":null}},"63":{"start":{"line":159,"column":27},"end":{"line":159,"column":null}},"64":{"start":{"line":161,"column":2},"end":{"line":166,"column":null}},"65":{"start":{"line":162,"column":4},"end":{"line":165,"column":null}},"66":{"start":{"line":163,"column":18},"end":{"line":163,"column":null}},"67":{"start":{"line":163,"column":36},"end":{"line":163,"column":69}},"68":{"start":{"line":164,"column":6},"end":{"line":164,"column":null}},"69":{"start":{"line":164,"column":15},"end":{"line":164,"column":null}},"70":{"start":{"line":168,"column":2},"end":{"line":168,"column":null}},"71":{"start":{"line":172,"column":2},"end":{"line":181,"column":null}},"72":{"start":{"line":174,"column":6},"end":{"line":174,"column":null}},"73":{"start":{"line":176,"column":6},"end":{"line":176,"column":null}},"74":{"start":{"line":178,"column":6},"end":{"line":178,"column":null}},"75":{"start":{"line":180,"column":6},"end":{"line":180,"column":null}},"76":{"start":{"line":185,"column":2},"end":{"line":185,"column":null}},"77":{"start":{"line":185,"column":50},"end":{"line":185,"column":null}},"78":{"start":{"line":186,"column":2},"end":{"line":186,"column":null}},"79":{"start":{"line":186,"column":26},"end":{"line":186,"column":null}},"80":{"start":{"line":187,"column":2},"end":{"line":187,"column":null}},"81":{"start":{"line":187,"column":24},"end":{"line":187,"column":null}},"82":{"start":{"line":188,"column":2},"end":{"line":188,"column":null}},"83":{"start":{"line":188,"column":30},"end":{"line":188,"column":null}},"84":{"start":{"line":189,"column":2},"end":{"line":189,"column":null}},"85":{"start":{"line":193,"column":2},"end":{"line":212,"column":null}},"86":{"start":{"line":195,"column":6},"end":{"line":195,"column":null}},"87":{"start":{"line":197,"column":6},"end":{"line":197,"column":null}},"88":{"start":{"line":199,"column":6},"end":{"line":199,"column":null}},"89":{"start":{"line":201,"column":6},"end":{"line":201,"column":null}},"90":{"start":{"line":203,"column":6},"end":{"line":203,"column":null}},"91":{"start":{"line":205,"column":6},"end":{"line":205,"column":null}},"92":{"start":{"line":207,"column":6},"end":{"line":207,"column":null}},"93":{"start":{"line":209,"column":6},"end":{"line":209,"column":null}},"94":{"start":{"line":211,"column":6},"end":{"line":211,"column":null}}},"fnMap":{"0":{"name":"classifyAsset","decl":{"start":{"line":36,"column":16},"end":{"line":36,"column":null}},"loc":{"start":{"line":38,"column":54},"end":{"line":94,"column":null}},"line":38},"1":{"name":"parseRelease","decl":{"start":{"line":96,"column":16},"end":{"line":96,"column":29}},"loc":{"start":{"line":96,"column":64},"end":{"line":133,"column":null}},"line":96},"2":{"name":"(anonymous_2)","decl":{"start":{"line":102,"column":24},"end":{"line":102,"column":30}},"loc":{"start":{"line":102,"column":41},"end":{"line":102,"column":54}},"line":102},"3":{"name":"(anonymous_3)","decl":{"start":{"line":110,"column":7},"end":{"line":110,"column":12}},"loc":{"start":{"line":110,"column":23},"end":{"line":120,"column":7}},"line":110},"4":{"name":"(anonymous_4)","decl":{"start":{"line":121,"column":7},"end":{"line":121,"column":15}},"loc":{"start":{"line":121,"column":40},"end":{"line":121,"column":50}},"line":121},"5":{"name":"groupByOS","decl":{"start":{"line":135,"column":16},"end":{"line":135,"column":null}},"loc":{"start":{"line":137,"column":57},"end":{"line":143,"column":null}},"line":137},"6":{"name":"(anonymous_6)","decl":{"start":{"line":139,"column":18},"end":{"line":139,"column":26}},"loc":{"start":{"line":139,"column":32},"end":{"line":139,"column":48}},"line":139},"7":{"name":"(anonymous_7)","decl":{"start":{"line":140,"column":20},"end":{"line":140,"column":28}},"loc":{"start":{"line":140,"column":34},"end":{"line":140,"column":52}},"line":140},"8":{"name":"(anonymous_8)","decl":{"start":{"line":141,"column":18},"end":{"line":141,"column":26}},"loc":{"start":{"line":141,"column":32},"end":{"line":141,"column":48}},"line":141},"9":{"name":"pickPrimaryAsset","decl":{"start":{"line":145,"column":16},"end":{"line":145,"column":null}},"loc":{"start":{"line":149,"column":23},"end":{"line":169,"column":null}},"line":149},"10":{"name":"(anonymous_10)","decl":{"start":{"line":150,"column":23},"end":{"line":150,"column":31}},"loc":{"start":{"line":150,"column":37},"end":{"line":150,"column":48}},"line":150},"11":{"name":"(anonymous_11)","decl":{"start":{"line":163,"column":24},"end":{"line":163,"column":30}},"loc":{"start":{"line":163,"column":36},"end":{"line":163,"column":69}},"line":163},"12":{"name":"osLabel","decl":{"start":{"line":171,"column":16},"end":{"line":171,"column":24}},"loc":{"start":{"line":171,"column":40},"end":{"line":182,"column":null}},"line":171},"13":{"name":"archBadge","decl":{"start":{"line":184,"column":16},"end":{"line":184,"column":26}},"loc":{"start":{"line":184,"column":51},"end":{"line":190,"column":null}},"line":184},"14":{"name":"formatLabel","decl":{"start":{"line":192,"column":16},"end":{"line":192,"column":28}},"loc":{"start":{"line":192,"column":53},"end":{"line":213,"column":null}},"line":192}},"branchMap":{"0":{"loc":{"start":{"line":42,"column":2},"end":{"line":42,"column":null}},"type":"if","locations":[{"start":{"line":42,"column":2},"end":{"line":42,"column":null}},{"start":{},"end":{}}],"line":42},"1":{"loc":{"start":{"line":48,"column":2},"end":{"line":78,"column":null}},"type":"if","locations":[{"start":{"line":48,"column":2},"end":{"line":78,"column":null}},{"start":{"line":51,"column":9},"end":{"line":78,"column":null}}],"line":48},"2":{"loc":{"start":{"line":51,"column":9},"end":{"line":78,"column":null}},"type":"if","locations":[{"start":{"line":51,"column":9},"end":{"line":78,"column":null}},{"start":{"line":54,"column":9},"end":{"line":78,"column":null}}],"line":51},"3":{"loc":{"start":{"line":54,"column":9},"end":{"line":78,"column":null}},"type":"if","locations":[{"start":{"line":54,"column":9},"end":{"line":78,"column":null}},{"start":{"line":57,"column":9},"end":{"line":78,"column":null}}],"line":54},"4":{"loc":{"start":{"line":57,"column":9},"end":{"line":78,"column":null}},"type":"if","locations":[{"start":{"line":57,"column":9},"end":{"line":78,"column":null}},{"start":{"line":60,"column":9},"end":{"line":78,"column":null}}],"line":57},"5":{"loc":{"start":{"line":60,"column":9},"end":{"line":78,"column":null}},"type":"if","locations":[{"start":{"line":60,"column":9},"end":{"line":78,"column":null}},{"start":{"line":63,"column":9},"end":{"line":78,"column":null}}],"line":60},"6":{"loc":{"start":{"line":63,"column":9},"end":{"line":78,"column":null}},"type":"if","locations":[{"start":{"line":63,"column":9},"end":{"line":78,"column":null}},{"start":{"line":66,"column":9},"end":{"line":78,"column":null}}],"line":63},"7":{"loc":{"start":{"line":66,"column":9},"end":{"line":78,"column":null}},"type":"if","locations":[{"start":{"line":66,"column":9},"end":{"line":78,"column":null}},{"start":{"line":69,"column":9},"end":{"line":78,"column":null}}],"line":66},"8":{"loc":{"start":{"line":69,"column":9},"end":{"line":78,"column":null}},"type":"if","locations":[{"start":{"line":69,"column":9},"end":{"line":78,"column":null}},{"start":{"line":72,"column":9},"end":{"line":78,"column":null}}],"line":69},"9":{"loc":{"start":{"line":72,"column":9},"end":{"line":78,"column":null}},"type":"if","locations":[{"start":{"line":72,"column":9},"end":{"line":78,"column":null}},{"start":{"line":75,"column":9},"end":{"line":78,"column":null}}],"line":72},"10":{"loc":{"start":{"line":82,"column":2},"end":{"line":91,"column":null}},"type":"if","locations":[{"start":{"line":82,"column":2},"end":{"line":91,"column":null}},{"start":{"line":84,"column":9},"end":{"line":91,"column":null}}],"line":82},"11":{"loc":{"start":{"line":84,"column":9},"end":{"line":91,"column":null}},"type":"if","locations":[{"start":{"line":84,"column":9},"end":{"line":91,"column":null}},{"start":{"line":86,"column":9},"end":{"line":91,"column":null}}],"line":84},"12":{"loc":{"start":{"line":86,"column":9},"end":{"line":91,"column":null}},"type":"if","locations":[{"start":{"line":86,"column":9},"end":{"line":91,"column":null}},{"start":{"line":88,"column":9},"end":{"line":91,"column":null}}],"line":86},"13":{"loc":{"start":{"line":90,"column":11},"end":{"line":90,"column":null}},"type":"cond-expr","locations":[{"start":{"line":90,"column":28},"end":{"line":90,"column":42}},{"start":{"line":90,"column":42},"end":{"line":90,"column":null}}],"line":90},"14":{"loc":{"start":{"line":100,"column":21},"end":{"line":103,"column":null}},"type":"cond-expr","locations":[{"start":{"line":102,"column":9},"end":{"line":102,"column":null}},{"start":{"line":103,"column":9},"end":{"line":103,"column":null}}],"line":100}
[...]
"3":{"name":"(anonymous_3)","decl":{"start":{"line":67,"column":19},"end":{"line":67,"column":24}},"loc":{"start":{"line":68,"column":14},"end":{"line":68,"column":null}},"line":68},"4":{"name":"GuideStepRow","decl":{"start":{"line":88,"column":9},"end":{"line":88,"column":22}},"loc":{"start":{"line":88,"column":53},"end":{"line":132,"column":null}},"line":88}},"branchMap":{"0":{"loc":{"start":{"line":33,"column":10},"end":{"line":33,"column":null}},"type":"cond-expr","locations":[{"start":{"line":33,"column":53},"end":{"line":33,"column":69}},{"start":{"line":33,"column":69},"end":{"line":33,"column":null}}],"line":33},"1":{"loc":{"start":{"line":51,"column":8},"end":{"line":51,"column":null}},"type":"cond-expr","locations":[{"start":{"line":51,"column":58},"end":{"line":51,"column":85}},{"start":{"line":51,"column":85},"end":{"line":51,"column":null}}],"line":51},"2":{"loc":{"start":{"line":51,"column":34},"end":{"line":51,"column":53}},"type":"binary-expr","locations":[{"start":{"line":51,"column":34},"end":{"line":51,"column":51}},{"start":{"line":51,"column":51},"end":{"line":51,"column":53}}],"line":51},"3":{"loc":{"start":{"line":119,"column":7},"end":{"line":128,"column":null}},"type":"cond-expr","locations":[{"start":{"line":120,"column":8},"end":{"line":125,"column":null}},{"start":{"line":125,"column":8},"end":{"line":128,"column":null}}],"line":119}},"s":{"0":1,"1":1,"2":0,"3":0,"4":0,"5":0,"6":3,"7":3,"8":3,"9":3,"10":27,"11":27,"12":27,"13":27,"14":27,"15":27},"f":{"0":0,"1":0,"2":3,"3":27,"4":27},"b":{"0":[0,0],"1":[3,0],"2":[3,0],"3":[12,15]},"meta":{"lastBranch":4,"lastFunction":5,"lastStatement":16,"seen":{"s:13:27:23:Infinity":0,"s:30:13:42:Infinity":1,"f:32:2:32:9":0,"s:33:10:33:Infinity":2,"b:33:53:33:69:33:69:33:Infinity":0,"s:34:19:34:Infinity":3,"s:35:4:40:Infinity":4,"f:44:9:44:17":1,"s:45:2:45:Infinity":5,"f:48:16:48:28":2,"s:49:10:49:Infinity":6,"s:50:8:50:Infinity":7,"s:51:8:51:Infinity":8,"b:51:58:51:85:51:85:51:Infinity":1,"b:51:34:51:51:51:51:51:53":2,"s:52:2:84:Infinity":9,"f:67:19:67:24":3,"s:68:14:68:Infinity":10,"f:88:9:88:22":4,"s:89:10:89:Infinity":11,"s:90:17:90:Infinity":12,"s:93:4:103:Infinity":13,"s:107:4:114:Infinity":14,"s:117:2:130:Infinity":15,"b:120:8:125:Infinity:125:8:128:Infinity":3}}}
,"/Users/triasbratayudhana/dev/lazysheet/website/landing/src/routes/$locale/index.tsx": {"path":"/Users/triasbratayudhana/dev/lazysheet/website/landing/src/routes/$locale/index.tsx","statementMap":{"0":{"start":{"line":25,"column":13},"end":{"line":28,"column":null}},"1":{"start":{"line":27,"column":2},"end":{"line":27,"column":null}},"2":{"start":{"line":30,"column":16},"end":{"line":36,"column":null}},"3":{"start":{"line":39,"column":10},"end":{"line":39,"column":null}},"4":{"start":{"line":40,"column":8},"end":{"line":40,"column":null}},"5":{"start":{"line":41,"column":8},"end":{"line":41,"column":null}},"6":{"start":{"line":43,"column":2},"end":{"line":95,"column":null}},"7":{"start":{"line":100,"column":10},"end":{"line":100,"column":null}},"8":{"start":{"line":102,"column":2},"end":{"line":124,"column":null}},"9":{"start":{"line":114,"column":12},"end":{"line":120,"column":null}},"10":{"start":{"line":129,"column":10},"end":{"line":129,"column":null}},"11":{"start":{"line":130,"column":8},"end":{"line":130,"column":null}},"12":{"start":{"line":132,"column":2},"end":{"line":145,"column":null}},"13":{"start":{"line":150,"column":10},"end":{"line":150,"column":null}},"14":{"start":{"line":152,"column":2},"end":{"line":203,"column":null}},"15":{"start":{"line":208,"column":15},"end":{"line":208,"column":null}},"16":{"start":{"line":209,"column":2},"end":{"line":219,"column":null}}},"fnMap":{"0":{"name":"(anonymous_0)","decl":{"start":{"line":27,"column":2},"end":{"line":27,"column":16}},"loc":{"start":{"line":27,"column":2},"end":{"line":27,"column":null}},"line":27},"1":{"name":"Hero","decl":{"start":{"line":38,"column":16},"end":{"line":38,"column":21}},"loc":{"start":{"line":38,"column":55},"end":{"line":97,"column":null}},"line":38},"2":{"name":"Formats","decl":{"start":{"line":99,"column":16},"end":{"line":99,"column":26}},"loc":{"start":{"line":99,"column":26},"end":{"line":126,"column":null}},"line":99},"3":{"name":"(anonymous_3)","decl":{"start":{"line":113,"column":19},"end":{"line":113,"column":24}},"loc":{"start":{"line":114,"column":12},"end":{"line":120,"column":null}},"line":114},"4":{"name":"Features","decl":{"start":{"line":128,"column":9},"end":{"line":128,"column":20}},"loc":{"start":{"line":128,"column":20},"end":{"line":147,"column":null}},"line":128},"5":{"name":"Faq","decl":{"start":{"line":149,"column":16},"end":{"line":149,"column":22}},"loc":{"start":{"line":149,"column":22},"end":{"line":205,"column":null}},"line":149},"6":{"name":"Home","decl":{"start":{"line":207,"column":9},"end":{"line":207,"column":16}},"loc":{"start":{"line":207,"column":16},"end":{"line":221,"column":null}},"line":207}},"branchMap":{"0":{"loc":{"start":{"line":41,"column":8},"end":{"line":41,"column":null}},"type":"cond-expr","locations":[{"start":{"line":41,"column":58},"end":{"line":41,"column":85}},{"start":{"line":41,"column":85},"end":{"line":41,"column":null}}],"line":41},"1":{"loc":{"start":{"line":41,"column":34},"end":{"line":41,"column":53}},"type":"binary-expr","locations":[{"start":{"line":41,"column":34},"end":{"line":41,"column":51}},{"start":{"line":41,"column":51},"end":{"line":41,"column":53}}],"line":41}},"s":{"0":1,"1":0,"2":1,"3":6,"4":6,"5":6,"6":6,"7":2,"8":2,"9":10,"10":0,"11":0,"12":0,"13":3,"14":3,"15":0,"16":0},"f":{"0":0,"1":6,"2":2,"3":10,"4":0,"5":3,"6":0},"b":{"0":[6,0],"1":[6,0]},"meta":{"lastBranch":2,"lastFunction":7,"lastStatement":17,"seen":{"s:25:13:28:Infinity":0,"f:27:2:27:16":0,"s:27:2:27:Infinity":1,"s:30:16:36:Infinity":2,"f:38:16:38:21":1,"s:39:10:39:Infinity":3,"s:40:8:40:Infinity":4,"s:41:8:41:Infinity":5,"b:41:58:41:85:41:85:41:Infinity":0,"b:41:34:41:51:41:51:41:53":1,"s:43:2:95:Infinity":6,"f:99:16:99:26":2,"s:100:10:100:Infinity":7,"s:102:2:124:Infinity":8,"f:113:19:113:24":3,"s:114:12:120:Infinity":9,"f:128:9:128:20":4,"s:129:10:129:Infinity":10,"s:130:8:130:Infinity":11,"s:132:2:145:Infinity":12,"f:149:16:149:22":5,"s:150:10:150:Infinity":13,"s:152:2:203:Infinity":14,"f:207:9:207:16":6,"s:208:15:208:Infinity":15,"s:209:2:219:Infinity":16}}}
,"/Users/triasbratayudhana/dev/lazysheet/website/landing/src/sections/bento/BentoCard.tsx": {"path":"/Users/triasbratayudhana/dev/lazysheet/website/landing/src/sections/bento/BentoCard.tsx","statementMap":{"0":{"start":{"line":11,"column":19},"end":{"line":11,"column":null}},"1":{"start":{"line":12,"column":23},"end":{"line":12,"column":null}},"2":{"start":{"line":13,"column":15},"end":{"line":13,"column":null}},"3":{"start":{"line":14,"column":17},"end":{"line":14,"column":null}},"4":{"start":{"line":15,"column":20},"end":{"line":15,"column":null}},"5":{"start":{"line":16,"column":16},"end":{"line":16,"column":null}},"6":{"start":{"line":19,"column":8},"end":{"line":19,"column":null}},"7":{"start":{"line":23,"column":18},"end":{"line":23,"column":null}},"8":{"start":{"line":24,"column":16},"end":{"line":24,"column":null}},"9":{"start":{"line":25,"column":19},"end":{"line":25,"column":null}},"10":{"start":{"line":26,"column":17},"end":{"line":26,"column":null}},"11":{"start":{"line":27,"column":15},"end":{"line":27,"column":null}},"12":{"start":{"line":28,"column":8},"end":{"line":28,"column":null}},"13":{"start":{"line":29,"column":8},"end":{"line":29,"column":null}},"14":{"start":{"line":30,"column":8},"end":{"line":30,"column":null}},"15":{"start":{"line":33,"column":8},"end":{"line":33,"column":null}},"16":{"start":{"line":34,"column":8},"end":{"line":34,"column":null}},"17":{"start":{"line":35,"column":8},"end":{"line":35,"column":null}},"18":{"start":{"line":36,"column":8},"end":{"line":36,"column":null}},"19":{"start":{"line":39,"column":4},"end":{"line":43,"column":null}},"20":{"start":{"line":45,"column":23},"end":{"line":45,"column":null}},"21":{"start":{"line":47,"column":17},"end":{"line":47,"column":null}},"22":{"start":{"line":50,"column":4},"end":{"line":50,"column":null}},"23":{"start":{"line":50,"column":31},"end":{"line":50,"column":null}},"24":{"start":{"line":51,"column":17},"end":{"line":51,"column":null}},"25":{"start":{"line":52,"column":15},"end":{"line":52,"column":null}},"26":{"start":{"line":53,"column":15},"end":{"line":53,"column":null}},"27":{"start":{"line":54,"column":10},"end":{"line":54,"column":null}},"28":{"start":{"line":55,"column":10},"end":{"line":55,"column":null}},"29":{"start":{"line":56,"column":4},"end":{"line":56,"column":null}},"30":{"start":{"line":57,"column":4},"end":{"line":57,"column":null}},"31":{"start":{"line":61,"column":4},"end":{"line":61,"column":null}},"32":{"start":{"line":62,"column":4},"end":{"line":62,"column":null}},"33":{"start":{"line":65,"column":24},"end":{"line":68,"column":null}},"34":{"start":{"line":70,"column":24},"end":{"line":74,"column":null}},"35":{"start":{"line":76,"column":2},"end":{"line":170,"column":null}}},"fnMap":{"0":{"name":"BentoCard","decl":{"start":{"line":18,"column":16},"end":{"line":18,"column":26}},"loc":{"start":{"line":18,"column":82},"end":{"line":172,"column":null}},"line":18},"1":{"name":"handleMouseMove","decl":{"start":{"line":49,"column":11},"end":{"line":49,"column":27}},"loc":{"start":{"line":49,"column":64},"end":{"line":58,"column":null}},"line":49},"2":{"name":"handleMouseLeave","decl":{"start":{"line":60,"column":11},"end":{"line":60,"column":30}},"loc":{"start":{"line":60,"column":30},"end":{"line":63,"column":null}},"line":60}},"branchMap":{"0":{"loc":{"start":{"line":39,"column":4},"end":{"line":43,"column":null}},"type":"cond-expr","locations":[{"start":{"line":40,"column":8},"end":{"line":40,"column":null}},{"start":{"line":41,"column":8},"end":{"line":43,"column":null}}],"line":39},"1":{"loc":{"start":{"line":41,"column":8},"end":{"line":43,"column":null}},"type":"cond-expr","locations":[{"start":{"line":42,"column":10},"end":{"line":42,"column":null}},{"start":{"line":43,"column":10},"end":{"line":43,"column":null}}],"line":41},"2":{"loc":{"start":{"line":45,"column":23},"end":{"line":45,"column":null}},"type":"cond-expr","locations":[{"start":{"line":45,"column":32},"end":{"line":45,"column":44}},{"start":{"line":45,"column":44},"end":{"line":45,"column":null}}],"line":45},"3":{"loc":{"start":{"line":50,"column":4},"end":{"line":50,"column":null}},"type":"if","locations":[{"start":{"line":50,"column":4},"end":{"line":50,"column":null}},{"start":{},"end":{}}],"line":50},"4":{"loc":{"start":{"line":50,"column":8},"end":{"line":50,"column":31}},"type":"binary-expr","locations":[{"start":{"line":50,"column":8},"end":{"line":50,"column":18}},{"start":{"line":50,"column":18},"end":{"line":50,"column":31}}],"line":50},"5":{"loc":{"start":{"line":70,"column":24},"end":{"line":74,"column":null}},"type":"cond-expr","locations":[{"start":{"line":71,"column":6},"end":{"line":71,"column":null}},{"start":{"line":72,"column":6},"end":{"line":74,"column":null}}],"line":70},"6":{"loc":{"start":{"line":88,"column":20},"end":{"line":88,"column":null}},"type":"cond-expr","locations":[{"start":{"line":88,"column":29},"end":{"line":88,"column":41}},{"start":{"line":88,"column":41},"end":{"line":88,"column":null}}],"line":88},"7":{"loc":{"start":{"line":96,"column":9},"end":{"line":105,"column":null}},"type":"binary-expr","locations":[{"start":{"line":96,"column":9},"end":{"line":96,"column":null}},{"start":{"line":97,"column":10},"end":{"line":105,"column":null}}],"line":96},"8":{"loc":{"start":{"line":105,"column":9},"end":{"line":169,"column":null}},"type":"cond-expr","locations":[{"start":{"line":106,"column":10},"end":{"line":129,"column":11}},{"start":{"line":129,"column":10},"end":{"line":169,"column":null}}],"line":105},"9":{"loc":{"start":{"line":107,"column":13},"end":{"line":112,"column":13}},"type":"binary-expr","locations":[{"start":{"line":107,"column":13},"end":{"line":107,"column":null}},{"start":{"line":108,"column":14},"end":{"line":112,"column":13}}],"line":107},"10":{"loc":{"start":{"line":116,"column":18},"end":{"line":116,"column":null}},"type":"cond-expr","locations":[{"start":{"line":116,"column":43},"end":{"line":116,"column":56}},{"start":{"line":116,"column":56},"end":{"line":116,"column":null}}],"line":116},"11":{"loc":{"start":{"line":121,"column":15},"end":{"line":126,"column":null}},"type":"binary-expr","locations":[{"start":{"line":121,"column":15},"end":{"line":121,"column":null}},{"start":{"line":122,"column":16},"end":{"line":126,"column":null}}],"line":121},"12":{"loc":{"start":{"line":131,"column":15},"end":{"line":136,"column":15}},"type":"binary-expr","locations":[{"start":{"line":131,"column":15},"end":{"line":131,"column":null}},{"start":{"line":132,"column":16},"end":{"line":136,"column":15}}],"line":131},"13":{"loc":{"start":{"line":139,"column":18},"end":{"line":139,"column":null}},"type":"cond-expr","locations":[{"start":{"line":139,"column":43},"end":{"line":139,"column":56}},{"start":{"line":139,"column":56},"end":{"line":139,"column":null}}],"line":139},"14":{"loc":{"start":{"line":145,"column":13},"end":{"line":148,"column":null}},"type":"binary-expr","locations":[{"start":{"line":145,"column":13},"end":{"line":145,"column":null}},{"start":{"line":146,"column":14},"end":{"line":148,"column":null}}],"line":145},"15":{"loc":{"start":{"line":150,"column":13},"end":{"line":150,"column":null}},"type":"binary-expr","locations":[{"start":{"line":150,"column":13},"end":{"line":150,"column":28}},{"start":{"line":150,"column":28},"end":{"line":150,"column":null}}],"line":150},"16":{"loc":{"start":{"line":151,"column":13},"end":{"line":165,"column":null}},"type":"binary-expr","locations":[{"start":{"line":151,"column":13},"end":{"line":151,"column":null}},{"start":{"line":152,"column":14},"end":{"line":165,"column":null}}],"line":151},"17":{"loc":{"start":{"line":155,"column":18},"end":{"line":157,"column":null}},"type":"cond-expr","locations":[{"start":{"line":156,"column":22},"end":{"line":156,"column":null}},{"start":{"line":157,"column":22},"end":{"line":157,"column":null}}],"line":155}},"s":{"0":1,"1":1,"2":1,"3":1,"4":1,"5":1,"6":0,"7":0,"8":0,"9":0,"10":0,"11":0,"12":0,"13":0,"14":0,"15":0,"16":0,"17":0,"18":0,"19":0,"20":0,"21":0,"22":0,"23":0,"24":0,"25":0,"26":0,"27":0,"28":0,"29":0,"30":0,"31":0,"32":0,"33":0,"34":0,"35":0},"f":{"0":0,"1":0,"2":0},"b":{"0":[0,0],"1":[0,0],"2":[0,0],"3":[0,0],"4":[0,0],"5":[0,0],"6":[0,0],"7":[0,0],"8":[0,0],"9":[0,0],"10":[0,0],"11":[0,0],"12":[0,0],"13":[0,0],"14":[0,0],"15":[0,0],"16":[0,0],"17":[0,0]},"meta":{"lastBranch":18,"lastFunction":3,"lastStatement":36,"seen":{"s:11:19:11:Infinity":0,"s:12:23:12:Infinity":1,"s:13:15:13:Infinity":2,"s:14:17:14:Infinity":3,"s:15:20:15:Infinity":4,"s:16:16:16:Infinity":5,"f:18:16:18:26":0,"s:19:8:19:Infinity":6,"s:23:18:23:Infinity":7,"s:24:16:24:Infinity":8,"s:25:19:25:Infinity":9,"s:26:17:26:Infinity":10,"s:27:15:27:Infinity":11,"s:28:8:28:Infinity":12,"s:29:8:29:Infinity":13,"s:30:8:30:Infinity":14,"s:33:8:33:Infinity":15,"s:34:8:34:Infinity":16,"s:35:8:35:Infinity":17,"s:36:8:36:Infinity":18,"s:39:4:43:Infinity":19,"b:40:8:40:Infinity:41:8:43:Infinity":0,"b:42:10:42:Infinity:43:10:43:Infinity":1,"s:45:23:45:Infinity":20,"b:45:32:45:44:45:44:45:Infinity":2,"s:47:17:47:Infinity":21,"f:49:11:49:27":1,"b:50:4:50:Infinity:undefined:undefined:undefined:undefined":3,"s:50:4:50:Infinity":22,"b:50:8:50:18:50:18:50:31":4,"s:50:31:50:Infinity":23,"s:51:17:51:Infinity":24,"s:52:15:52:Infinity":25,"s:53:15:53:Infinity":26,"s:54:10:54:Infinity":27,"s:55:10:55:Infinity":28,"s:56:4:56:Infinity":29,"s:57:4:57:Infinity":30,"f:60:11:60:30":2,"s:61:4:61:Infinity":31,"s:62:4:62:Infinity":32,"s:65:24:68:Infinity":33,"s:70:24:74:Infinity":34,"b:71:6:71:Infinity:72:6:74:Infinity":5,"s:76:2:170:Infinity":35,"b:88:29:88:41:88:41:88:Infinity":6,"b:96:9:96:Infinity:97:10:105:Infinity":7,"b:106:10:129:11:129:10:169:Infinity":8,"b:107:13:107:Infinity:108:14:112:13":9,"b:116:43:116:56:116:56:116:Infinity":10,"b:121:15:121:Infinity:122:16:126:Infinity":11,"b:131:15:131:Infinity:132:16:136:15":12,"b:139:43:139:56:139:56:139:Infinity":13,"b:145:13:145:Infinity:146:14:148:Infinity":14,"b:150:13:150:28:150:28:150:Infinity":15,"b:151:13:151:Infinity:152:14:165:Infinity":16,"b:156:22:156:Infinity:157:22:157:Infinity":17}}}
,"/Users/triasbratayudhana/dev/lazysheet/website/landing/src/sections/bento/BentoGrid.tsx": {"path":"/Users/triasbratayudhana/dev/lazysheet/website/landing/src/sections/bento/BentoGrid.tsx","statementMap":{"0":{"start":{"line":10,"column":8},"end":{"line":10,"column":null}},"1":{"start":{"line":12,"column":10},"end":{"line":15,"column":null}},"2":{"start":{"line":17,"column":2},"end":{"line":45,"column":null}},"3":{"start":{"line":41,"column":12},"end":{"line":41,"column":null}}},"fnMap":{"0":{"name":"BentoGrid","decl":{"start":{"line":9,"column":16},"end":{"line":9,"column":26}},"loc":{"start":{"line":9,"column":74},"end":{"line":47,"column":null}},"line":9},"1":{"name":"(anonymous_1)","decl":{"start":{"line":40,"column":17},"end":{"line":40,"column":22}},"loc":{"start":{"line":41,"column":12},"end":{"line":41,"column":null}},"line":41}},"branchMap":{},"s":{"0":0,"1":0,"2":0,"3":0},"f":{"0":0,"1":0},"b":{},"meta":{"lastBranch":0,"lastFunction":2,"lastStatement":4,"seen":{"f:9:16:9:26":0,"s:10:8:10:Infinity":0,"s:12:10:15:Infinity":1,"s:17:2:45:Infinity":2,"f:40:17:40:22":1,"s:41:12:41:Infinity":3}}}
,"/Users/triasbratayudhana/dev/lazysheet/website/landing/src/sections/bento/features.tsx": {"path":"/Users/triasbratayudhana/dev/lazysheet/website/landing/src/sections/bento/features.tsx","statementMap":{"0":{"start":{"line":33,"column":21},"end":{"line":33,"column":null}},"1":{"start":{"line":38,"column":10},"end":{"line":38,"column":null}},"2":{"start":{"line":40,"column":2},"end":{"line":154,"column":null}},"3":{"start":{"line":50,"column":8},"end":{"line":59,"column":null}},"4":{"start":{"line":70,"column":8},"end":{"line":79,"column":null}},"5":{"start":{"line":72,"column":12},"end":{"line":77,"column":null}}},"fnMap":{"0":{"name":"useBentoTiles","decl":{"start":{"line":37,"column":16},"end":{"line":37,"column":45}},"loc":{"start":{"line":37,"column":45},"end":{"line":155,"column":null}},"line":37},"1":{"name":"(anonymous_1)","decl":{"start":{"line":49,"column":6},"end":{"line":49,"column":null}},"loc":{"start":{"line":50,"column":8},"end":{"line":59,"column":null}},"line":50},"2":{"name":"(anonymous_2)","decl":{"start":{"line":69,"column":6},"end":{"line":69,"column":null}},"loc":{"start":{"line":70,"column":8},"end":{"line":79,"column":null}},"line":70},"3":{"name":"(anonymous_3)","decl":{"start":{"line":71,"column":24},"end":{"line":71,"column":29}},"loc":{"start":{"line":72,"column":12},"end":{"line":77,"column":null}},"line":72}},"branchMap":{},"s":{"0":1,"1":0,"2":0,"3":0,"4":0,"5":0},"f":{"0":0,"1":0,"2":0,"3":0},"b":{},"meta":{"lastBranch":0,"lastFunction":4,"lastStatement":6,"seen":{"s:33:21:33:Infinity":0,"f:37:16:37:45":0,"s:38:10:38:Infinity":1,"s:40:2:154:Infinity":2,"f:49:6:49:Infinity":1,"s:50:8:59:Infinity":3,"f:69:6:69:Infinity":2,"s:70:8:79:Infinity":4,"f:71:24:71:29":3,"s:72:12:77:Infinity":5}}}
,"/Users/triasbratayudhana/dev/lazysheet/website/landing/src/test/i18n.tsx": {"path":"/Users/triasbratayudhana/dev/lazysheet/website/landing/src/test/i18n.tsx","statementMap":{"0":{"start":{"line":7,"column":13},"end":{"line":7,"column":null}},"1":{"start":{"line":14,"column":2},"end":{"line":14,"column":null}}},"fnMap":{"0":{"name":"renderWithI18n","decl":{"start":{"line":13,"column":16},"end":{"line":13,"column":31}},"loc":{"start":{"line":13,"column":55},"end":{"line":15,"column":null}},"line":13}},"branchMap":{},"s":{"0":7,"1":28},"f":{"0":28},"b":{},"meta":{"lastBranch":0,"lastFunction":1,"lastStatement":2,"seen":{"s:7:13:7:Infinity":0,"f:13:16:13:31":0,"s:14:2:14:Infinity":1}}}
}
